Built target ament_cmake_python_copy_ros2_firebase_bridge
running egg_info
writing ros2_firebase_bridge.egg-info/PKG-INFO
writing dependency_links to ros2_firebase_bridge.egg-info/dependency_links.txt
writing top-level names to ros2_firebase_bridge.egg-info/top_level.txt
reading manifest file 'ros2_firebase_bridge.egg-info/SOURCES.txt'
writing manifest file 'ros2_firebase_bridge.egg-info/SOURCES.txt'
Built target ament_cmake_python_build_ros2_firebase_bridge_egg
-- Install configuration: ""
-- Up-to-date: /workspaces/mobility-ros2-firebase/install/ros2_firebase_bridge/share/ros2_firebase_bridge/environment/pythonpath.sh
-- Up-to-date: /workspaces/mobility-ros2-firebase/install/ros2_firebase_bridge/share/ros2_firebase_bridge/environment/pythonpath.dsv
-- Up-to-date: /workspaces/mobility-ros2-firebase/install/ros2_firebase_bridge/local/lib/python3.10/dist-packages/ros2_firebase_bridge-0.0.1-py3.10.egg-info
-- Installing: /workspaces/mobility-ros2-firebase/install/ros2_firebase_bridge/local/lib/python3.10/dist-packages/ros2_firebase_bridge-0.0.1-py3.10.egg-info/SOURCES.txt
-- Installing: /workspaces/mobility-ros2-firebase/install/ros2_firebase_bridge/local/lib/python3.10/dist-packages/ros2_firebase_bridge-0.0.1-py3.10.egg-info/top_level.txt
-- Installing: /workspaces/mobility-ros2-firebase/install/ros2_firebase_bridge/local/lib/python3.10/dist-packages/ros2_firebase_bridge-0.0.1-py3.10.egg-info/dependency_links.txt
-- Installing: /workspaces/mobility-ros2-firebase/install/ros2_firebase_bridge/local/lib/python3.10/dist-packages/ros2_firebase_bridge-0.0.1-py3.10.egg-info/PKG-INFO
-- Up-to-date: /workspaces/mobility-ros2-firebase/install/ros2_firebase_bridge/local/lib/python3.10/dist-packages/ros2_firebase_bridge
-- Up-to-date: /workspaces/mobility-ros2-firebase/install/ros2_firebase_bridge/local/lib/python3.10/dist-packages/ros2_firebase_bridge/firebase_bridge_node.py
-- Up-to-date: /workspaces/mobility-ros2-firebase/install/ros2_firebase_bridge/local/lib/python3.10/dist-packages/ros2_firebase_bridge/firebase_client.py
-- Up-to-date: /workspaces/mobility-ros2-firebase/install/ros2_firebase_bridge/local/lib/python3.10/dist-packages/ros2_firebase_bridge/sensor_aggregator.py
-- Up-to-date: /workspaces/mobility-ros2-firebase/install/ros2_firebase_bridge/local/lib/python3.10/dist-packages/ros2_firebase_bridge/coordinate_converter.py
-- Up-to-date: /workspaces/mobility-ros2-firebase/install/ros2_firebase_bridge/local/lib/python3.10/dist-packages/ros2_firebase_bridge/__init__.py
-- Up-to-date: /workspaces/mobility-ros2-firebase/install/ros2_firebase_bridge/local/lib/python3.10/dist-packages/ros2_firebase_bridge/state_publisher.py
Listing '/workspaces/mobility-ros2-firebase/install/ros2_firebase_bridge/local/lib/python3.10/dist-packages/ros2_firebase_bridge'...
-- Up-to-date: /workspaces/mobility-ros2-firebase/install/ros2_firebase_bridge/lib/ros2_firebase_bridge/firebase_bridge
-- Up-to-date: /workspaces/mobility-ros2-firebase/install/ros2_firebase_bridge/share/ament_index/resource_index/package_run_dependencies/ros2_firebase_bridge
-- Up-to-date: /workspaces/mobility-ros2-firebase/install/ros2_firebase_bridge/share/ament_index/resource_index/parent_prefix_path/ros2_firebase_bridge
-- Up-to-date: /workspaces/mobility-ros2-firebase/install/ros2_firebase_bridge/share/ros2_firebase_bridge/environment/ament_prefix_path.sh
-- Up-to-date: /workspaces/mobility-ros2-firebase/install/ros2_firebase_bridge/share/ros2_firebase_bridge/environment/ament_prefix_path.dsv
-- Up-to-date: /workspaces/mobility-ros2-firebase/install/ros2_firebase_bridge/share/ros2_firebase_bridge/environment/path.sh
-- Up-to-date: /workspaces/mobility-ros2-firebase/install/ros2_firebase_bridge/share/ros2_firebase_bridge/environment/path.dsv
-- Up-to-date: /workspaces/mobility-ros2-firebase/install/ros2_firebase_bridge/share/ros2_firebase_bridge/local_setup.bash
-- Up-to-date: /workspaces/mobility-ros2-firebase/install/ros2_firebase_bridge/share/ros2_firebase_bridge/local_setup.sh
-- Up-to-date: /workspaces/mobility-ros2-firebase/install/ros2_firebase_bridge/share/ros2_firebase_bridge/local_setup.zsh
-- Up-to-date: /workspaces/mobility-ros2-firebase/install/ros2_firebase_bridge/share/ros2_firebase_bridge/local_setup.dsv
-- Installing: /workspaces/mobility-ros2-firebase/install/ros2_firebase_bridge/share/ros2_firebase_bridge/package.dsv
-- Up-to-date: /workspaces/mobility-ros2-firebase/install/ros2_firebase_bridge/share/ament_index/resource_index/packages/ros2_firebase_bridge
-- Up-to-date: /workspaces/mobility-ros2-firebase/install/ros2_firebase_bridge/share/ros2_firebase_bridge/cmake/ros2_firebase_bridgeConfig.cmake
-- Up-to-date: /workspaces/mobility-ros2-firebase/install/ros2_firebase_bridge/share/ros2_firebase_bridge/cmake/ros2_firebase_bridgeConfig-version.cmake
-- Up-to-date: /workspaces/mobility-ros2-firebase/install/ros2_firebase_bridge/share/ros2_firebase_bridge/package.xml
