[3.742s] Invoking command in '/workspaces/mobility-ros2-firebase/build/ros2_firebase_bridge': PYTHONPATH=/workspaces/mobility-ros2-firebase/build/ros2_firebase_bridge/prefix_override:/usr/lib/python3/dist-packages/colcon_core/task/python/colcon_distutils_commands:/workspaces/mobility-ros2-firebase/install/ros2_firebase_bridge/lib/python3.10/site-packages:${PYTHONPATH} /usr/bin/python3 -W ignore:setup.py install is deprecated -W ignore:easy_install command is deprecated setup.py develop --editable --build-directory /workspaces/mobility-ros2-firebase/build/ros2_firebase_bridge/build --no-deps symlink_data
[5.470s] running develop
[6.315s] running egg_info
[6.315s] creating ros2_firebase_bridge.egg-info
[6.318s] writing ros2_firebase_bridge.egg-info/PKG-INFO
[6.320s] writing dependency_links to ros2_firebase_bridge.egg-info/dependency_links.txt
[6.322s] writing entry points to ros2_firebase_bridge.egg-info/entry_points.txt
[6.323s] writing requirements to ros2_firebase_bridge.egg-info/requires.txt
[6.324s] writing top-level names to ros2_firebase_bridge.egg-info/top_level.txt
[6.324s] writing manifest file 'ros2_firebase_bridge.egg-info/SOURCES.txt'
[6.334s] reading manifest file 'ros2_firebase_bridge.egg-info/SOURCES.txt'
[6.339s] writing manifest file 'ros2_firebase_bridge.egg-info/SOURCES.txt'
[6.360s] running build_ext
[6.360s] Creating /workspaces/mobility-ros2-firebase/install/ros2_firebase_bridge/lib/python3.10/site-packages/ros2-firebase-bridge.egg-link (link to .)
[6.362s] Installing firebase_bridge script to /workspaces/mobility-ros2-firebase/install/ros2_firebase_bridge/bin
[6.365s] 
[6.365s] Installed /workspaces/mobility-ros2-firebase/build/ros2_firebase_bridge
[6.366s] running symlink_data
[6.366s] creating /workspaces/mobility-ros2-firebase/install/ros2_firebase_bridge/share/ament_index
[6.366s] creating /workspaces/mobility-ros2-firebase/install/ros2_firebase_bridge/share/ament_index/resource_index
[6.368s] creating /workspaces/mobility-ros2-firebase/install/ros2_firebase_bridge/share/ament_index/resource_index/packages
[6.369s] symbolically linking /workspaces/mobility-ros2-firebase/build/ros2_firebase_bridge/resource/ros2_firebase_bridge -> /workspaces/mobility-ros2-firebase/install/ros2_firebase_bridge/share/ament_index/resource_index/packages
[6.369s] symbolically linking /workspaces/mobility-ros2-firebase/build/ros2_firebase_bridge/package.xml -> /workspaces/mobility-ros2-firebase/install/ros2_firebase_bridge/share/ros2_firebase_bridge
[6.369s] creating /workspaces/mobility-ros2-firebase/install/ros2_firebase_bridge/share/ros2_firebase_bridge/config
[6.370s] symbolically linking /workspaces/mobility-ros2-firebase/build/ros2_firebase_bridge/config/firebase_config.yaml -> /workspaces/mobility-ros2-firebase/install/ros2_firebase_bridge/share/ros2_firebase_bridge/config
[6.531s] Invoked command in '/workspaces/mobility-ros2-firebase/build/ros2_firebase_bridge' returned '0': PYTHONPATH=/workspaces/mobility-ros2-firebase/build/ros2_firebase_bridge/prefix_override:/usr/lib/python3/dist-packages/colcon_core/task/python/colcon_distutils_commands:/workspaces/mobility-ros2-firebase/install/ros2_firebase_bridge/lib/python3.10/site-packages:${PYTHONPATH} /usr/bin/python3 -W ignore:setup.py install is deprecated -W ignore:easy_install command is deprecated setup.py develop --editable --build-directory /workspaces/mobility-ros2-firebase/build/ros2_firebase_bridge/build --no-deps symlink_data
