[1.074s] Invoking command in '/workspaces/mobility-ros2-firebase/src/ros2_firebase_bridge': PYTHONPATH=/workspaces/mobility-ros2-firebase/build/ros2_firebase_bridge/prefix_override:/usr/lib/python3/dist-packages/colcon_core/task/python/colcon_distutils_commands:/workspaces/mobility-ros2-firebase/install/ros2_firebase_bridge/lib/python3.10/site-packages:${PYTHONPATH} /usr/bin/python3 -W ignore:setup.py install is deprecated -W ignore:easy_install command is deprecated setup.py egg_info --egg-base ../../build/ros2_firebase_bridge build --build-base /workspaces/mobility-ros2-firebase/build/ros2_firebase_bridge/build install --record /workspaces/mobility-ros2-firebase/build/ros2_firebase_bridge/install.log --single-version-externally-managed install_data
[1.461s] running egg_info
[1.462s] writing ../../build/ros2_firebase_bridge/ros2_firebase_bridge.egg-info/PKG-INFO
[1.463s] writing dependency_links to ../../build/ros2_firebase_bridge/ros2_firebase_bridge.egg-info/dependency_links.txt
[1.463s] writing entry points to ../../build/ros2_firebase_bridge/ros2_firebase_bridge.egg-info/entry_points.txt
[1.463s] writing requirements to ../../build/ros2_firebase_bridge/ros2_firebase_bridge.egg-info/requires.txt
[1.463s] writing top-level names to ../../build/ros2_firebase_bridge/ros2_firebase_bridge.egg-info/top_level.txt
[1.467s] reading manifest file '../../build/ros2_firebase_bridge/ros2_firebase_bridge.egg-info/SOURCES.txt'
[1.468s] writing manifest file '../../build/ros2_firebase_bridge/ros2_firebase_bridge.egg-info/SOURCES.txt'
[1.469s] running build
[1.470s] running build_py
[1.470s] running install
[1.471s] running install_lib
[1.476s] byte-compiling /workspaces/mobility-ros2-firebase/install/ros2_firebase_bridge/lib/python3.10/site-packages/ros2_firebase_bridge/firebase_bridge_node.py to firebase_bridge_node.cpython-310.pyc
[1.482s] Sorry: IndentationError: expected an indented block after function definition on line 407 (firebase_bridge_node.py, line 408)
[1.482s] running install_data
[1.483s] running install_egg_info
[1.485s] removing '/workspaces/mobility-ros2-firebase/install/ros2_firebase_bridge/lib/python3.10/site-packages/ros2_firebase_bridge-0.0.1-py3.10.egg-info' (and everything under it)
[1.489s] Copying ../../build/ros2_firebase_bridge/ros2_firebase_bridge.egg-info to /workspaces/mobility-ros2-firebase/install/ros2_firebase_bridge/lib/python3.10/site-packages/ros2_firebase_bridge-0.0.1-py3.10.egg-info
[1.492s] running install_scripts
[1.530s] Installing coordinate_test script to /workspaces/mobility-ros2-firebase/install/ros2_firebase_bridge/bin
[1.531s] Installing firebase_bridge script to /workspaces/mobility-ros2-firebase/install/ros2_firebase_bridge/bin
[1.532s] writing list of installed files to '/workspaces/mobility-ros2-firebase/build/ros2_firebase_bridge/install.log'
[1.572s] Invoked command in '/workspaces/mobility-ros2-firebase/src/ros2_firebase_bridge' returned '0': PYTHONPATH=/workspaces/mobility-ros2-firebase/build/ros2_firebase_bridge/prefix_override:/usr/lib/python3/dist-packages/colcon_core/task/python/colcon_distutils_commands:/workspaces/mobility-ros2-firebase/install/ros2_firebase_bridge/lib/python3.10/site-packages:${PYTHONPATH} /usr/bin/python3 -W ignore:setup.py install is deprecated -W ignore:easy_install command is deprecated setup.py egg_info --egg-base ../../build/ros2_firebase_bridge build --build-base /workspaces/mobility-ros2-firebase/build/ros2_firebase_bridge/build install --record /workspaces/mobility-ros2-firebase/build/ros2_firebase_bridge/install.log --single-version-externally-managed install_data
