[0.850s] Invoking command in '/workspace/src/ros2_firebase_bridge': PYTHONPATH=/workspace/build/ros2_firebase_bridge/prefix_override:/usr/lib/python3/dist-packages/colcon_core/task/python/colcon_distutils_commands:/workspace/install/ros2_firebase_bridge/lib/python3.10/site-packages:${PYTHONPATH} /usr/bin/python3 -W ignore:setup.py install is deprecated -W ignore:easy_install command is deprecated setup.py egg_info --egg-base ../../build/ros2_firebase_bridge build --build-base /workspace/build/ros2_firebase_bridge/build install --record /workspace/build/ros2_firebase_bridge/install.log --single-version-externally-managed install_data
[1.052s] running egg_info
[1.053s] creating ../../build/ros2_firebase_bridge/ros2_firebase_bridge.egg-info
[1.054s] writing ../../build/ros2_firebase_bridge/ros2_firebase_bridge.egg-info/PKG-INFO
[1.055s] writing dependency_links to ../../build/ros2_firebase_bridge/ros2_firebase_bridge.egg-info/dependency_links.txt
[1.055s] writing entry points to ../../build/ros2_firebase_bridge/ros2_firebase_bridge.egg-info/entry_points.txt
[1.055s] writing requirements to ../../build/ros2_firebase_bridge/ros2_firebase_bridge.egg-info/requires.txt
[1.055s] writing top-level names to ../../build/ros2_firebase_bridge/ros2_firebase_bridge.egg-info/top_level.txt
[1.055s] writing manifest file '../../build/ros2_firebase_bridge/ros2_firebase_bridge.egg-info/SOURCES.txt'
[1.056s] reading manifest file '../../build/ros2_firebase_bridge/ros2_firebase_bridge.egg-info/SOURCES.txt'
[1.056s] writing manifest file '../../build/ros2_firebase_bridge/ros2_firebase_bridge.egg-info/SOURCES.txt'
[1.057s] running build
[1.057s] running build_py
[1.058s] creating /workspace/build/ros2_firebase_bridge/build
[1.058s] creating /workspace/build/ros2_firebase_bridge/build/lib
[1.058s] creating /workspace/build/ros2_firebase_bridge/build/lib/ros2_firebase_bridge
[1.058s] copying ros2_firebase_bridge/firebase_bridge_node.py -> /workspace/build/ros2_firebase_bridge/build/lib/ros2_firebase_bridge
[1.059s] copying ros2_firebase_bridge/firebase_client.py -> /workspace/build/ros2_firebase_bridge/build/lib/ros2_firebase_bridge
[1.059s] copying ros2_firebase_bridge/sensor_aggregator.py -> /workspace/build/ros2_firebase_bridge/build/lib/ros2_firebase_bridge
[1.060s] copying ros2_firebase_bridge/coordinate_converter.py -> /workspace/build/ros2_firebase_bridge/build/lib/ros2_firebase_bridge
[1.061s] copying ros2_firebase_bridge/__init__.py -> /workspace/build/ros2_firebase_bridge/build/lib/ros2_firebase_bridge
[1.065s] copying ros2_firebase_bridge/state_publisher.py -> /workspace/build/ros2_firebase_bridge/build/lib/ros2_firebase_bridge
[1.066s] running install
[1.066s] running install_lib
[1.066s] creating /workspace/install/ros2_firebase_bridge/lib/python3.10/site-packages/ros2_firebase_bridge
[1.066s] copying /workspace/build/ros2_firebase_bridge/build/lib/ros2_firebase_bridge/firebase_bridge_node.py -> /workspace/install/ros2_firebase_bridge/lib/python3.10/site-packages/ros2_firebase_bridge
[1.068s] copying /workspace/build/ros2_firebase_bridge/build/lib/ros2_firebase_bridge/firebase_client.py -> /workspace/install/ros2_firebase_bridge/lib/python3.10/site-packages/ros2_firebase_bridge
[1.068s] copying /workspace/build/ros2_firebase_bridge/build/lib/ros2_firebase_bridge/sensor_aggregator.py -> /workspace/install/ros2_firebase_bridge/lib/python3.10/site-packages/ros2_firebase_bridge
[1.068s] copying /workspace/build/ros2_firebase_bridge/build/lib/ros2_firebase_bridge/coordinate_converter.py -> /workspace/install/ros2_firebase_bridge/lib/python3.10/site-packages/ros2_firebase_bridge
[1.068s] copying /workspace/build/ros2_firebase_bridge/build/lib/ros2_firebase_bridge/__init__.py -> /workspace/install/ros2_firebase_bridge/lib/python3.10/site-packages/ros2_firebase_bridge
[1.068s] copying /workspace/build/ros2_firebase_bridge/build/lib/ros2_firebase_bridge/state_publisher.py -> /workspace/install/ros2_firebase_bridge/lib/python3.10/site-packages/ros2_firebase_bridge
[1.068s] byte-compiling /workspace/install/ros2_firebase_bridge/lib/python3.10/site-packages/ros2_firebase_bridge/firebase_bridge_node.py to firebase_bridge_node.cpython-310.pyc
[1.070s] byte-compiling /workspace/install/ros2_firebase_bridge/lib/python3.10/site-packages/ros2_firebase_bridge/firebase_client.py to firebase_client.cpython-310.pyc
[1.071s] byte-compiling /workspace/install/ros2_firebase_bridge/lib/python3.10/site-packages/ros2_firebase_bridge/sensor_aggregator.py to sensor_aggregator.cpython-310.pyc
[1.072s] byte-compiling /workspace/install/ros2_firebase_bridge/lib/python3.10/site-packages/ros2_firebase_bridge/coordinate_converter.py to coordinate_converter.cpython-310.pyc
[1.073s] byte-compiling /workspace/install/ros2_firebase_bridge/lib/python3.10/site-packages/ros2_firebase_bridge/__init__.py to __init__.cpython-310.pyc
[1.073s] byte-compiling /workspace/install/ros2_firebase_bridge/lib/python3.10/site-packages/ros2_firebase_bridge/state_publisher.py to state_publisher.cpython-310.pyc
[1.074s] running install_data
[1.074s] creating /workspace/install/ros2_firebase_bridge/share/ament_index
[1.075s] creating /workspace/install/ros2_firebase_bridge/share/ament_index/resource_index
[1.075s] creating /workspace/install/ros2_firebase_bridge/share/ament_index/resource_index/packages
[1.076s] copying resource/ros2_firebase_bridge -> /workspace/install/ros2_firebase_bridge/share/ament_index/resource_index/packages
[1.076s] copying package.xml -> /workspace/install/ros2_firebase_bridge/share/ros2_firebase_bridge
[1.076s] creating /workspace/install/ros2_firebase_bridge/share/ros2_firebase_bridge/launch
[1.077s] creating /workspace/install/ros2_firebase_bridge/share/ros2_firebase_bridge/worlds
[1.077s] creating /workspace/install/ros2_firebase_bridge/share/ros2_firebase_bridge/config
[1.077s] creating /workspace/install/ros2_firebase_bridge/share/ros2_firebase_bridge/maps
[1.078s] creating /workspace/install/ros2_firebase_bridge/share/ros2_firebase_bridge/models
[1.078s] creating /workspace/install/ros2_firebase_bridge/share/ros2_firebase_bridge/models/yoto_campus
[1.079s] creating /workspace/install/ros2_firebase_bridge/share/ros2_firebase_bridge/config/rviz
[1.079s] running install_egg_info
[1.081s] Copying ../../build/ros2_firebase_bridge/ros2_firebase_bridge.egg-info to /workspace/install/ros2_firebase_bridge/lib/python3.10/site-packages/ros2_firebase_bridge-0.0.1-py3.10.egg-info
[1.083s] running install_scripts
[1.100s] Installing firebase_bridge script to /workspace/install/ros2_firebase_bridge/bin
[1.100s] Installing test_tools script to /workspace/install/ros2_firebase_bridge/bin
[1.100s] writing list of installed files to '/workspace/build/ros2_firebase_bridge/install.log'
[1.127s] Invoked command in '/workspace/src/ros2_firebase_bridge' returned '0': PYTHONPATH=/workspace/build/ros2_firebase_bridge/prefix_override:/usr/lib/python3/dist-packages/colcon_core/task/python/colcon_distutils_commands:/workspace/install/ros2_firebase_bridge/lib/python3.10/site-packages:${PYTHONPATH} /usr/bin/python3 -W ignore:setup.py install is deprecated -W ignore:easy_install command is deprecated setup.py egg_info --egg-base ../../build/ros2_firebase_bridge build --build-base /workspace/build/ros2_firebase_bridge/build install --record /workspace/build/ros2_firebase_bridge/install.log --single-version-externally-managed install_data
