running develop
running egg_info
writing ros2_firebase_bridge.egg-info/PKG-INFO
writing dependency_links to ros2_firebase_bridge.egg-info/dependency_links.txt
writing entry points to ros2_firebase_bridge.egg-info/entry_points.txt
writing requirements to ros2_firebase_bridge.egg-info/requires.txt
writing top-level names to ros2_firebase_bridge.egg-info/top_level.txt
reading manifest file 'ros2_firebase_bridge.egg-info/SOURCES.txt'
writing manifest file 'ros2_firebase_bridge.egg-info/SOURCES.txt'
running build_ext
Creating /workspaces/mobility-ros2-firebase/install/ros2_firebase_bridge/lib/python3.10/site-packages/ros2-firebase-bridge.egg-link (link to .)
Installing firebase_bridge script to /workspaces/mobility-ros2-firebase/install/ros2_firebase_bridge/bin
Installing test_tools script to /workspaces/mobility-ros2-firebase/install/ros2_firebase_bridge/bin

Installed /workspaces/mobility-ros2-firebase/build/ros2_firebase_bridge
running symlink_data
creating /workspaces/mobility-ros2-firebase/install/ros2_firebase_bridge/share/ros2_firebase_bridge/launch
symbolically linking /workspaces/mobility-ros2-firebase/build/ros2_firebase_bridge/launch/yoto_campus_sim.launch.py -> /workspaces/mobility-ros2-firebase/install/ros2_firebase_bridge/share/ros2_firebase_bridge/launch
creating /workspaces/mobility-ros2-firebase/install/ros2_firebase_bridge/share/ros2_firebase_bridge/worlds
symbolically linking /workspaces/mobility-ros2-firebase/build/ros2_firebase_bridge/worlds/yoto_campus.world -> /workspaces/mobility-ros2-firebase/install/ros2_firebase_bridge/share/ros2_firebase_bridge/worlds
creating /workspaces/mobility-ros2-firebase/install/ros2_firebase_bridge/share/ros2_firebase_bridge/maps
creating /workspaces/mobility-ros2-firebase/install/ros2_firebase_bridge/share/ros2_firebase_bridge/models
creating /workspaces/mobility-ros2-firebase/install/ros2_firebase_bridge/share/ros2_firebase_bridge/models/yoto_campus
symbolically linking /workspaces/mobility-ros2-firebase/build/ros2_firebase_bridge/models/yoto_campus/yoto7.dae -> /workspaces/mobility-ros2-firebase/install/ros2_firebase_bridge/share/ros2_firebase_bridge/models/yoto_campus
creating /workspaces/mobility-ros2-firebase/install/ros2_firebase_bridge/share/ros2_firebase_bridge/config/rviz
