[1.101s] DEBUG:colcon:Command line arguments: ['/usr/bin/colcon', 'build', '--packages-select', 'ros2_firebase_bridge']
[1.101s] DEBUG:colcon:Parsed command line arguments: Namespace(log_base=None, log_level=None, verb_name='build', build_base='build', install_base='install', merge_install=False, symlink_install=False, test_result_base=None, continue_on_error=False, executor='parallel', parallel_workers=18, event_handlers=None, ignore_user_meta=False, metas=['./colcon.meta'], base_paths=['.'], packages_ignore=None, packages_ignore_regex=None, paths=None, packages_up_to=None, packages_up_to_regex=None, packages_above=None, packages_above_and_dependencies=None, packages_above_depth=None, packages_select_by_dep=None, packages_skip_by_dep=None, packages_skip_up_to=None, packages_select_build_failed=False, packages_skip_build_finished=False, packages_select_test_failures=False, packages_skip_test_passed=False, packages_select=['ros2_firebase_bridge'], packages_skip=None, packages_select_regex=None, packages_skip_regex=None, packages_start=None, packages_end=None, cmake_args=None, cmake_target=None, cmake_target_skip_unavailable=False, cmake_clean_cache=False, cmake_clean_first=False, cmake_force_configure=False, ament_cmake_args=None, catkin_cmake_args=None, catkin_skip_building_tests=False, mixin_files=None, mixin=None, verb_parser=<colcon_mixin.mixin.mixin_argument.MixinArgumentDecorator object at 0x7f1a59eb1960>, verb_extension=<colcon_core.verb.build.BuildVerb object at 0x7f1a5a09eec0>, main=<bound method BuildVerb.main of <colcon_core.verb.build.BuildVerb object at 0x7f1a5a09eec0>>, mixin_verb=('build',))
[2.144s] Level 1:colcon.colcon_core.package_discovery:discover_packages(colcon_meta) check parameters
[2.145s] Level 1:colcon.colcon_core.package_discovery:discover_packages(recursive) check parameters
[2.145s] Level 1:colcon.colcon_core.package_discovery:discover_packages(ignore) check parameters
[2.145s] Level 1:colcon.colcon_core.package_discovery:discover_packages(path) check parameters
[2.145s] Level 1:colcon.colcon_core.package_discovery:discover_packages(colcon_meta) discover
[2.145s] Level 1:colcon.colcon_core.package_discovery:discover_packages(recursive) discover
[2.145s] INFO:colcon.colcon_core.package_discovery:Crawling recursively for packages in '/workspaces/mobility-ros2-firebase'
[2.145s] Level 1:colcon.colcon_core.package_identification:_identify(.) by extensions ['ignore', 'ignore_ament_install']
[2.145s] Level 1:colcon.colcon_core.package_identification:_identify(.) by extension 'ignore'
[2.146s] Level 1:colcon.colcon_core.package_identification:_identify(.) by extension 'ignore_ament_install'
[2.146s] Level 1:colcon.colcon_core.package_identification:_identify(.) by extensions ['colcon_pkg']
[2.146s] Level 1:colcon.colcon_core.package_identification:_identify(.) by extension 'colcon_pkg'
[2.146s] Level 1:colcon.colcon_core.package_identification:_identify(.) by extensions ['colcon_meta']
[2.146s] Level 1:colcon.colcon_core.package_identification:_identify(.) by extension 'colcon_meta'
[2.146s] Level 1:colcon.colcon_core.package_identification:_identify(.) by extensions ['ros']
[2.146s] Level 1:colcon.colcon_core.package_identification:_identify(.) by extension 'ros'
[2.263s] Level 1:colcon.colcon_core.package_identification:_identify(.) by extensions ['cmake', 'python']
[2.263s] Level 1:colcon.colcon_core.package_identification:_identify(.) by extension 'cmake'
[2.263s] Level 1:colcon.colcon_core.package_identification:_identify(.) by extension 'python'
[2.263s] Level 1:colcon.colcon_core.package_identification:_identify(.) by extensions ['python_setup_py']
[2.263s] Level 1:colcon.colcon_core.package_identification:_identify(.) by extension 'python_setup_py'
[2.264s] Level 1:colcon.colcon_core.package_identification:_identify(build) by extensions ['ignore', 'ignore_ament_install']
[2.264s] Level 1:colcon.colcon_core.package_identification:_identify(build) by extension 'ignore'
[2.264s] Level 1:colcon.colcon_core.package_identification:_identify(build) ignored
[2.265s] Level 1:colcon.colcon_core.package_identification:_identify(config) by extensions ['ignore', 'ignore_ament_install']
[2.265s] Level 1:colcon.colcon_core.package_identification:_identify(config) by extension 'ignore'
[2.265s] Level 1:colcon.colcon_core.package_identification:_identify(config) by extension 'ignore_ament_install'
[2.265s] Level 1:colcon.colcon_core.package_identification:_identify(config) by extensions ['colcon_pkg']
[2.266s] Level 1:colcon.colcon_core.package_identification:_identify(config) by extension 'colcon_pkg'
[2.266s] Level 1:colcon.colcon_core.package_identification:_identify(config) by extensions ['colcon_meta']
[2.266s] Level 1:colcon.colcon_core.package_identification:_identify(config) by extension 'colcon_meta'
[2.266s] Level 1:colcon.colcon_core.package_identification:_identify(config) by extensions ['ros']
[2.266s] Level 1:colcon.colcon_core.package_identification:_identify(config) by extension 'ros'
[2.266s] Level 1:colcon.colcon_core.package_identification:_identify(config) by extensions ['cmake', 'python']
[2.266s] Level 1:colcon.colcon_core.package_identification:_identify(config) by extension 'cmake'
[2.266s] Level 1:colcon.colcon_core.package_identification:_identify(config) by extension 'python'
[2.266s] Level 1:colcon.colcon_core.package_identification:_identify(config) by extensions ['python_setup_py']
[2.266s] Level 1:colcon.colcon_core.package_identification:_identify(config) by extension 'python_setup_py'
[2.267s] Level 1:colcon.colcon_core.package_identification:_identify(config/rviz) by extensions ['ignore', 'ignore_ament_install']
[2.267s] Level 1:colcon.colcon_core.package_identification:_identify(config/rviz) by extension 'ignore'
[2.267s] Level 1:colcon.colcon_core.package_identification:_identify(config/rviz) by extension 'ignore_ament_install'
[2.268s] Level 1:colcon.colcon_core.package_identification:_identify(config/rviz) by extensions ['colcon_pkg']
[2.268s] Level 1:colcon.colcon_core.package_identification:_identify(config/rviz) by extension 'colcon_pkg'
[2.268s] Level 1:colcon.colcon_core.package_identification:_identify(config/rviz) by extensions ['colcon_meta']
[2.268s] Level 1:colcon.colcon_core.package_identification:_identify(config/rviz) by extension 'colcon_meta'
[2.268s] Level 1:colcon.colcon_core.package_identification:_identify(config/rviz) by extensions ['ros']
[2.268s] Level 1:colcon.colcon_core.package_identification:_identify(config/rviz) by extension 'ros'
[2.268s] Level 1:colcon.colcon_core.package_identification:_identify(config/rviz) by extensions ['cmake', 'python']
[2.268s] Level 1:colcon.colcon_core.package_identification:_identify(config/rviz) by extension 'cmake'
[2.268s] Level 1:colcon.colcon_core.package_identification:_identify(config/rviz) by extension 'python'
[2.268s] Level 1:colcon.colcon_core.package_identification:_identify(config/rviz) by extensions ['python_setup_py']
[2.268s] Level 1:colcon.colcon_core.package_identification:_identify(config/rviz) by extension 'python_setup_py'
[2.269s] Level 1:colcon.colcon_core.package_identification:_identify(docs) by extensions ['ignore', 'ignore_ament_install']
[2.269s] Level 1:colcon.colcon_core.package_identification:_identify(docs) by extension 'ignore'
[2.269s] Level 1:colcon.colcon_core.package_identification:_identify(docs) by extension 'ignore_ament_install'
[2.269s] Level 1:colcon.colcon_core.package_identification:_identify(docs) by extensions ['colcon_pkg']
[2.269s] Level 1:colcon.colcon_core.package_identification:_identify(docs) by extension 'colcon_pkg'
[2.269s] Level 1:colcon.colcon_core.package_identification:_identify(docs) by extensions ['colcon_meta']
[2.269s] Level 1:colcon.colcon_core.package_identification:_identify(docs) by extension 'colcon_meta'
[2.269s] Level 1:colcon.colcon_core.package_identification:_identify(docs) by extensions ['ros']
[2.269s] Level 1:colcon.colcon_core.package_identification:_identify(docs) by extension 'ros'
[2.269s] Level 1:colcon.colcon_core.package_identification:_identify(docs) by extensions ['cmake', 'python']
[2.269s] Level 1:colcon.colcon_core.package_identification:_identify(docs) by extension 'cmake'
[2.269s] Level 1:colcon.colcon_core.package_identification:_identify(docs) by extension 'python'
[2.270s] Level 1:colcon.colcon_core.package_identification:_identify(docs) by extensions ['python_setup_py']
[2.270s] Level 1:colcon.colcon_core.package_identification:_identify(docs) by extension 'python_setup_py'
[2.270s] Level 1:colcon.colcon_core.package_identification:_identify(docs/images) by extensions ['ignore', 'ignore_ament_install']
[2.270s] Level 1:colcon.colcon_core.package_identification:_identify(docs/images) by extension 'ignore'
[2.270s] Level 1:colcon.colcon_core.package_identification:_identify(docs/images) by extension 'ignore_ament_install'
[2.270s] Level 1:colcon.colcon_core.package_identification:_identify(docs/images) by extensions ['colcon_pkg']
[2.270s] Level 1:colcon.colcon_core.package_identification:_identify(docs/images) by extension 'colcon_pkg'
[2.271s] Level 1:colcon.colcon_core.package_identification:_identify(docs/images) by extensions ['colcon_meta']
[2.271s] Level 1:colcon.colcon_core.package_identification:_identify(docs/images) by extension 'colcon_meta'
[2.271s] Level 1:colcon.colcon_core.package_identification:_identify(docs/images) by extensions ['ros']
[2.271s] Level 1:colcon.colcon_core.package_identification:_identify(docs/images) by extension 'ros'
[2.271s] Level 1:colcon.colcon_core.package_identification:_identify(docs/images) by extensions ['cmake', 'python']
[2.271s] Level 1:colcon.colcon_core.package_identification:_identify(docs/images) by extension 'cmake'
[2.271s] Level 1:colcon.colcon_core.package_identification:_identify(docs/images) by extension 'python'
[2.271s] Level 1:colcon.colcon_core.package_identification:_identify(docs/images) by extensions ['python_setup_py']
[2.271s] Level 1:colcon.colcon_core.package_identification:_identify(docs/images) by extension 'python_setup_py'
[2.272s] Level 1:colcon.colcon_core.package_identification:_identify(install) by extensions ['ignore', 'ignore_ament_install']
[2.272s] Level 1:colcon.colcon_core.package_identification:_identify(install) by extension 'ignore'
[2.272s] Level 1:colcon.colcon_core.package_identification:_identify(install) ignored
[2.272s] Level 1:colcon.colcon_core.package_identification:_identify(log) by extensions ['ignore', 'ignore_ament_install']
[2.272s] Level 1:colcon.colcon_core.package_identification:_identify(log) by extension 'ignore'
[2.272s] Level 1:colcon.colcon_core.package_identification:_identify(log) ignored
[2.273s] Level 1:colcon.colcon_core.package_identification:_identify(scripts) by extensions ['ignore', 'ignore_ament_install']
[2.273s] Level 1:colcon.colcon_core.package_identification:_identify(scripts) by extension 'ignore'
[2.273s] Level 1:colcon.colcon_core.package_identification:_identify(scripts) by extension 'ignore_ament_install'
[2.273s] Level 1:colcon.colcon_core.package_identification:_identify(scripts) by extensions ['colcon_pkg']
[2.273s] Level 1:colcon.colcon_core.package_identification:_identify(scripts) by extension 'colcon_pkg'
[2.273s] Level 1:colcon.colcon_core.package_identification:_identify(scripts) by extensions ['colcon_meta']
[2.273s] Level 1:colcon.colcon_core.package_identification:_identify(scripts) by extension 'colcon_meta'
[2.273s] Level 1:colcon.colcon_core.package_identification:_identify(scripts) by extensions ['ros']
[2.273s] Level 1:colcon.colcon_core.package_identification:_identify(scripts) by extension 'ros'
[2.273s] Level 1:colcon.colcon_core.package_identification:_identify(scripts) by extensions ['cmake', 'python']
[2.273s] Level 1:colcon.colcon_core.package_identification:_identify(scripts) by extension 'cmake'
[2.274s] Level 1:colcon.colcon_core.package_identification:_identify(scripts) by extension 'python'
[2.274s] Level 1:colcon.colcon_core.package_identification:_identify(scripts) by extensions ['python_setup_py']
[2.281s] Level 1:colcon.colcon_core.package_identification:_identify(scripts) by extension 'python_setup_py'
[2.281s] Level 1:colcon.colcon_core.package_identification:_identify(src) by extensions ['ignore', 'ignore_ament_install']
[2.282s] Level 1:colcon.colcon_core.package_identification:_identify(src) by extension 'ignore'
[2.282s] Level 1:colcon.colcon_core.package_identification:_identify(src) by extension 'ignore_ament_install'
[2.282s] Level 1:colcon.colcon_core.package_identification:_identify(src) by extensions ['colcon_pkg']
[2.282s] Level 1:colcon.colcon_core.package_identification:_identify(src) by extension 'colcon_pkg'
[2.282s] Level 1:colcon.colcon_core.package_identification:_identify(src) by extensions ['colcon_meta']
[2.282s] Level 1:colcon.colcon_core.package_identification:_identify(src) by extension 'colcon_meta'
[2.282s] Level 1:colcon.colcon_core.package_identification:_identify(src) by extensions ['ros']
[2.282s] Level 1:colcon.colcon_core.package_identification:_identify(src) by extension 'ros'
[2.283s] Level 1:colcon.colcon_core.package_identification:_identify(src) by extensions ['cmake', 'python']
[2.283s] Level 1:colcon.colcon_core.package_identification:_identify(src) by extension 'cmake'
[2.283s] Level 1:colcon.colcon_core.package_identification:_identify(src) by extension 'python'
[2.283s] Level 1:colcon.colcon_core.package_identification:_identify(src) by extensions ['python_setup_py']
[2.283s] Level 1:colcon.colcon_core.package_identification:_identify(src) by extension 'python_setup_py'
[2.283s] Level 1:colcon.colcon_core.package_identification:_identify(src/ros2_firebase_bridge) by extensions ['ignore', 'ignore_ament_install']
[2.283s] Level 1:colcon.colcon_core.package_identification:_identify(src/ros2_firebase_bridge) by extension 'ignore'
[2.283s] Level 1:colcon.colcon_core.package_identification:_identify(src/ros2_firebase_bridge) by extension 'ignore_ament_install'
[2.283s] Level 1:colcon.colcon_core.package_identification:_identify(src/ros2_firebase_bridge) by extensions ['colcon_pkg']
[2.283s] Level 1:colcon.colcon_core.package_identification:_identify(src/ros2_firebase_bridge) by extension 'colcon_pkg'
[2.283s] Level 1:colcon.colcon_core.package_identification:_identify(src/ros2_firebase_bridge) by extensions ['colcon_meta']
[2.283s] Level 1:colcon.colcon_core.package_identification:_identify(src/ros2_firebase_bridge) by extension 'colcon_meta'
[2.284s] Level 1:colcon.colcon_core.package_identification:_identify(src/ros2_firebase_bridge) by extensions ['ros']
[2.284s] Level 1:colcon.colcon_core.package_identification:_identify(src/ros2_firebase_bridge) by extension 'ros'
[2.313s] DEBUG:colcon.colcon_core.package_identification:Package 'src/ros2_firebase_bridge' with type 'ros.ament_cmake' and name 'ros2_firebase_bridge'
[2.314s] Level 1:colcon.colcon_core.package_discovery:discover_packages(recursive) using defaults
[2.314s] Level 1:colcon.colcon_core.package_discovery:discover_packages(ignore) discover
[2.314s] Level 1:colcon.colcon_core.package_discovery:discover_packages(ignore) using defaults
[2.314s] Level 1:colcon.colcon_core.package_discovery:discover_packages(path) discover
[2.314s] Level 1:colcon.colcon_core.package_discovery:discover_packages(path) using defaults
[2.445s] Level 5:colcon.colcon_core.verb:set package 'ros2_firebase_bridge' build argument 'cmake_args' from command line to 'None'
[2.445s] Level 5:colcon.colcon_core.verb:set package 'ros2_firebase_bridge' build argument 'cmake_target' from command line to 'None'
[2.445s] Level 5:colcon.colcon_core.verb:set package 'ros2_firebase_bridge' build argument 'cmake_target_skip_unavailable' from command line to 'False'
[2.445s] Level 5:colcon.colcon_core.verb:set package 'ros2_firebase_bridge' build argument 'cmake_clean_cache' from command line to 'False'
[2.445s] Level 5:colcon.colcon_core.verb:set package 'ros2_firebase_bridge' build argument 'cmake_clean_first' from command line to 'False'
[2.445s] Level 5:colcon.colcon_core.verb:set package 'ros2_firebase_bridge' build argument 'cmake_force_configure' from command line to 'False'
[2.445s] Level 5:colcon.colcon_core.verb:set package 'ros2_firebase_bridge' build argument 'ament_cmake_args' from command line to 'None'
[2.445s] Level 5:colcon.colcon_core.verb:set package 'ros2_firebase_bridge' build argument 'catkin_cmake_args' from command line to 'None'
[2.446s] Level 5:colcon.colcon_core.verb:set package 'ros2_firebase_bridge' build argument 'catkin_skip_building_tests' from command line to 'False'
[2.446s] DEBUG:colcon.colcon_core.verb:Building package 'ros2_firebase_bridge' with the following arguments: {'ament_cmake_args': None, 'build_base': '/workspaces/mobility-ros2-firebase/build/ros2_firebase_bridge', 'catkin_cmake_args': None, 'catkin_skip_building_tests': False, 'cmake_args': None, 'cmake_clean_cache': False, 'cmake_clean_first': False, 'cmake_force_configure': False, 'cmake_target': None, 'cmake_target_skip_unavailable': False, 'install_base': '/workspaces/mobility-ros2-firebase/install/ros2_firebase_bridge', 'merge_install': False, 'path': '/workspaces/mobility-ros2-firebase/src/ros2_firebase_bridge', 'symlink_install': False, 'test_result_base': None}
[2.446s] INFO:colcon.colcon_core.executor:Executing jobs using 'parallel' executor
[2.449s] DEBUG:colcon.colcon_parallel_executor.executor.parallel:run_until_complete
[2.465s] INFO:colcon.colcon_ros.task.ament_cmake.build:Building ROS package in '/workspaces/mobility-ros2-firebase/src/ros2_firebase_bridge' with build type 'ament_cmake'
[2.466s] INFO:colcon.colcon_cmake.task.cmake.build:Building CMake package in '/workspaces/mobility-ros2-firebase/src/ros2_firebase_bridge'
[2.493s] INFO:colcon.colcon_core.plugin_system:Skipping extension 'colcon_core.shell.bat': Not used on non-Windows systems
[2.494s] INFO:colcon.colcon_core.shell:Skip shell extension 'powershell' for command environment: Not usable outside of PowerShell
[2.496s] DEBUG:colcon.colcon_core.shell:Skip shell extension 'dsv' for command environment
[2.634s] DEBUG:colcon.colcon_core.event_handler.log_command:Invoking command in '/workspaces/mobility-ros2-firebase/build/ros2_firebase_bridge': CMAKE_PREFIX_PATH=/workspaces/mobility-ros2-firebase/install/ros2_firebase_bridge:/workspace/install/ros2_firebase_bridge:/opt/ros/humble /usr/bin/cmake /workspaces/mobility-ros2-firebase/src/ros2_firebase_bridge -DCMAKE_INSTALL_PREFIX=/workspaces/mobility-ros2-firebase/install/ros2_firebase_bridge
[7.761s] DEBUG:colcon.colcon_core.event_handler.log_command:Invoked command in '/workspaces/mobility-ros2-firebase/build/ros2_firebase_bridge' returned '0': CMAKE_PREFIX_PATH=/workspaces/mobility-ros2-firebase/install/ros2_firebase_bridge:/workspace/install/ros2_firebase_bridge:/opt/ros/humble /usr/bin/cmake /workspaces/mobility-ros2-firebase/src/ros2_firebase_bridge -DCMAKE_INSTALL_PREFIX=/workspaces/mobility-ros2-firebase/install/ros2_firebase_bridge
[7.766s] DEBUG:colcon.colcon_core.event_handler.log_command:Invoking command in '/workspaces/mobility-ros2-firebase/build/ros2_firebase_bridge': CMAKE_PREFIX_PATH=/workspaces/mobility-ros2-firebase/install/ros2_firebase_bridge:/workspace/install/ros2_firebase_bridge:/opt/ros/humble /usr/bin/cmake --build /workspaces/mobility-ros2-firebase/build/ros2_firebase_bridge -- -j18 -l18
[8.946s] DEBUG:colcon.colcon_core.event_handler.log_command:Invoked command in '/workspaces/mobility-ros2-firebase/build/ros2_firebase_bridge' returned '0': CMAKE_PREFIX_PATH=/workspaces/mobility-ros2-firebase/install/ros2_firebase_bridge:/workspace/install/ros2_firebase_bridge:/opt/ros/humble /usr/bin/cmake --build /workspaces/mobility-ros2-firebase/build/ros2_firebase_bridge -- -j18 -l18
[8.962s] DEBUG:colcon.colcon_core.event_handler.log_command:Invoking command in '/workspaces/mobility-ros2-firebase/build/ros2_firebase_bridge': CMAKE_PREFIX_PATH=/workspaces/mobility-ros2-firebase/install/ros2_firebase_bridge:/workspace/install/ros2_firebase_bridge:/opt/ros/humble /usr/bin/cmake --install /workspaces/mobility-ros2-firebase/build/ros2_firebase_bridge
[9.215s] Level 1:colcon.colcon_core.environment:create_environment_scripts_only(ros2_firebase_bridge)
[9.219s] DEBUG:colcon.colcon_core.event_handler.log_command:Invoked command in '/workspaces/mobility-ros2-firebase/build/ros2_firebase_bridge' returned '0': CMAKE_PREFIX_PATH=/workspaces/mobility-ros2-firebase/install/ros2_firebase_bridge:/workspace/install/ros2_firebase_bridge:/opt/ros/humble /usr/bin/cmake --install /workspaces/mobility-ros2-firebase/build/ros2_firebase_bridge
[9.237s] Level 1:colcon.colcon_core.environment:checking '/workspaces/mobility-ros2-firebase/install/ros2_firebase_bridge' for CMake module files
[9.238s] Level 1:colcon.colcon_core.environment:checking '/workspaces/mobility-ros2-firebase/install/ros2_firebase_bridge' for CMake config files
[9.239s] Level 1:colcon.colcon_core.shell:create_environment_hook('ros2_firebase_bridge', 'cmake_prefix_path')
[9.240s] INFO:colcon.colcon_core.shell:Creating environment hook '/workspaces/mobility-ros2-firebase/install/ros2_firebase_bridge/share/ros2_firebase_bridge/hook/cmake_prefix_path.ps1'
[9.243s] INFO:colcon.colcon_core.shell:Creating environment descriptor '/workspaces/mobility-ros2-firebase/install/ros2_firebase_bridge/share/ros2_firebase_bridge/hook/cmake_prefix_path.dsv'
[9.245s] INFO:colcon.colcon_core.shell:Creating environment hook '/workspaces/mobility-ros2-firebase/install/ros2_firebase_bridge/share/ros2_firebase_bridge/hook/cmake_prefix_path.sh'
[9.248s] Level 1:colcon.colcon_core.environment:checking '/workspaces/mobility-ros2-firebase/install/ros2_firebase_bridge/lib'
[9.248s] Level 1:colcon.colcon_core.environment:checking '/workspaces/mobility-ros2-firebase/install/ros2_firebase_bridge/bin'
[9.249s] Level 1:colcon.colcon_core.shell:create_environment_hook('ros2_firebase_bridge', 'path')
[9.249s] INFO:colcon.colcon_core.shell:Creating environment hook '/workspaces/mobility-ros2-firebase/install/ros2_firebase_bridge/share/ros2_firebase_bridge/hook/path.ps1'
[9.259s] INFO:colcon.colcon_core.shell:Creating environment descriptor '/workspaces/mobility-ros2-firebase/install/ros2_firebase_bridge/share/ros2_firebase_bridge/hook/path.dsv'
[9.261s] INFO:colcon.colcon_core.shell:Creating environment hook '/workspaces/mobility-ros2-firebase/install/ros2_firebase_bridge/share/ros2_firebase_bridge/hook/path.sh'
[9.265s] Level 1:colcon.colcon_core.environment:checking '/workspaces/mobility-ros2-firebase/install/ros2_firebase_bridge/lib/pkgconfig/ros2_firebase_bridge.pc'
[9.269s] Level 1:colcon.colcon_core.environment:checking '/workspaces/mobility-ros2-firebase/install/ros2_firebase_bridge/lib/python3.10/site-packages'
[9.269s] Level 1:colcon.colcon_core.shell:create_environment_hook('ros2_firebase_bridge', 'pythonpath')
[9.270s] INFO:colcon.colcon_core.shell:Creating environment hook '/workspaces/mobility-ros2-firebase/install/ros2_firebase_bridge/share/ros2_firebase_bridge/hook/pythonpath.ps1'
[9.278s] INFO:colcon.colcon_core.shell:Creating environment descriptor '/workspaces/mobility-ros2-firebase/install/ros2_firebase_bridge/share/ros2_firebase_bridge/hook/pythonpath.dsv'
[9.282s] INFO:colcon.colcon_core.shell:Creating environment hook '/workspaces/mobility-ros2-firebase/install/ros2_firebase_bridge/share/ros2_firebase_bridge/hook/pythonpath.sh'
[9.284s] Level 1:colcon.colcon_core.environment:checking '/workspaces/mobility-ros2-firebase/install/ros2_firebase_bridge/bin'
[9.284s] Level 1:colcon.colcon_core.shell:create_environment_hook('ros2_firebase_bridge', 'pythonscriptspath')
[9.284s] INFO:colcon.colcon_core.shell:Creating environment hook '/workspaces/mobility-ros2-firebase/install/ros2_firebase_bridge/share/ros2_firebase_bridge/hook/pythonscriptspath.ps1'
[9.287s] INFO:colcon.colcon_core.shell:Creating environment descriptor '/workspaces/mobility-ros2-firebase/install/ros2_firebase_bridge/share/ros2_firebase_bridge/hook/pythonscriptspath.dsv'
[9.294s] INFO:colcon.colcon_core.shell:Creating environment hook '/workspaces/mobility-ros2-firebase/install/ros2_firebase_bridge/share/ros2_firebase_bridge/hook/pythonscriptspath.sh'
[9.296s] INFO:colcon.colcon_core.shell:Creating package script '/workspaces/mobility-ros2-firebase/install/ros2_firebase_bridge/share/ros2_firebase_bridge/package.ps1'
[9.301s] INFO:colcon.colcon_core.shell:Creating package descriptor '/workspaces/mobility-ros2-firebase/install/ros2_firebase_bridge/share/ros2_firebase_bridge/package.dsv'
[9.303s] INFO:colcon.colcon_core.shell:Creating package script '/workspaces/mobility-ros2-firebase/install/ros2_firebase_bridge/share/ros2_firebase_bridge/package.sh'
[9.306s] INFO:colcon.colcon_core.shell:Creating package script '/workspaces/mobility-ros2-firebase/install/ros2_firebase_bridge/share/ros2_firebase_bridge/package.bash'
[9.309s] INFO:colcon.colcon_core.shell:Creating package script '/workspaces/mobility-ros2-firebase/install/ros2_firebase_bridge/share/ros2_firebase_bridge/package.zsh'
[9.312s] Level 1:colcon.colcon_core.environment:create_file_with_runtime_dependencies(/workspaces/mobility-ros2-firebase/install/ros2_firebase_bridge/share/colcon-core/packages/ros2_firebase_bridge)
[9.315s] Level 1:colcon.colcon_core.environment:create_environment_scripts_only(ros2_firebase_bridge)
[9.315s] Level 1:colcon.colcon_core.environment:checking '/workspaces/mobility-ros2-firebase/install/ros2_firebase_bridge' for CMake module files
[9.316s] Level 1:colcon.colcon_core.environment:checking '/workspaces/mobility-ros2-firebase/install/ros2_firebase_bridge' for CMake config files
[9.317s] Level 1:colcon.colcon_core.shell:create_environment_hook('ros2_firebase_bridge', 'cmake_prefix_path')
[9.318s] INFO:colcon.colcon_core.shell:Creating environment hook '/workspaces/mobility-ros2-firebase/install/ros2_firebase_bridge/share/ros2_firebase_bridge/hook/cmake_prefix_path.ps1'
[9.319s] INFO:colcon.colcon_core.shell:Creating environment descriptor '/workspaces/mobility-ros2-firebase/install/ros2_firebase_bridge/share/ros2_firebase_bridge/hook/cmake_prefix_path.dsv'
[9.320s] INFO:colcon.colcon_core.shell:Creating environment hook '/workspaces/mobility-ros2-firebase/install/ros2_firebase_bridge/share/ros2_firebase_bridge/hook/cmake_prefix_path.sh'
[9.321s] Level 1:colcon.colcon_core.environment:checking '/workspaces/mobility-ros2-firebase/install/ros2_firebase_bridge/lib'
[9.321s] Level 1:colcon.colcon_core.environment:checking '/workspaces/mobility-ros2-firebase/install/ros2_firebase_bridge/bin'
[9.322s] Level 1:colcon.colcon_core.shell:create_environment_hook('ros2_firebase_bridge', 'path')
[9.322s] INFO:colcon.colcon_core.shell:Creating environment hook '/workspaces/mobility-ros2-firebase/install/ros2_firebase_bridge/share/ros2_firebase_bridge/hook/path.ps1'
[9.324s] INFO:colcon.colcon_core.shell:Creating environment descriptor '/workspaces/mobility-ros2-firebase/install/ros2_firebase_bridge/share/ros2_firebase_bridge/hook/path.dsv'
[9.325s] INFO:colcon.colcon_core.shell:Creating environment hook '/workspaces/mobility-ros2-firebase/install/ros2_firebase_bridge/share/ros2_firebase_bridge/hook/path.sh'
[9.328s] Level 1:colcon.colcon_core.environment:checking '/workspaces/mobility-ros2-firebase/install/ros2_firebase_bridge/lib/pkgconfig/ros2_firebase_bridge.pc'
[9.329s] Level 1:colcon.colcon_core.environment:checking '/workspaces/mobility-ros2-firebase/install/ros2_firebase_bridge/lib/python3.10/site-packages'
[9.332s] Level 1:colcon.colcon_core.shell:create_environment_hook('ros2_firebase_bridge', 'pythonpath')
[9.333s] INFO:colcon.colcon_core.shell:Creating environment hook '/workspaces/mobility-ros2-firebase/install/ros2_firebase_bridge/share/ros2_firebase_bridge/hook/pythonpath.ps1'
[9.334s] INFO:colcon.colcon_core.shell:Creating environment descriptor '/workspaces/mobility-ros2-firebase/install/ros2_firebase_bridge/share/ros2_firebase_bridge/hook/pythonpath.dsv'
[9.335s] INFO:colcon.colcon_core.shell:Creating environment hook '/workspaces/mobility-ros2-firebase/install/ros2_firebase_bridge/share/ros2_firebase_bridge/hook/pythonpath.sh'
[9.336s] Level 1:colcon.colcon_core.environment:checking '/workspaces/mobility-ros2-firebase/install/ros2_firebase_bridge/bin'
[9.337s] Level 1:colcon.colcon_core.shell:create_environment_hook('ros2_firebase_bridge', 'pythonscriptspath')
[9.337s] INFO:colcon.colcon_core.shell:Creating environment hook '/workspaces/mobility-ros2-firebase/install/ros2_firebase_bridge/share/ros2_firebase_bridge/hook/pythonscriptspath.ps1'
[9.346s] INFO:colcon.colcon_core.shell:Creating environment descriptor '/workspaces/mobility-ros2-firebase/install/ros2_firebase_bridge/share/ros2_firebase_bridge/hook/pythonscriptspath.dsv'
[9.347s] INFO:colcon.colcon_core.shell:Creating environment hook '/workspaces/mobility-ros2-firebase/install/ros2_firebase_bridge/share/ros2_firebase_bridge/hook/pythonscriptspath.sh'
[9.349s] INFO:colcon.colcon_core.shell:Creating package script '/workspaces/mobility-ros2-firebase/install/ros2_firebase_bridge/share/ros2_firebase_bridge/package.ps1'
[9.351s] INFO:colcon.colcon_core.shell:Creating package descriptor '/workspaces/mobility-ros2-firebase/install/ros2_firebase_bridge/share/ros2_firebase_bridge/package.dsv'
[9.352s] INFO:colcon.colcon_core.shell:Creating package script '/workspaces/mobility-ros2-firebase/install/ros2_firebase_bridge/share/ros2_firebase_bridge/package.sh'
[9.366s] INFO:colcon.colcon_core.shell:Creating package script '/workspaces/mobility-ros2-firebase/install/ros2_firebase_bridge/share/ros2_firebase_bridge/package.bash'
[9.367s] INFO:colcon.colcon_core.shell:Creating package script '/workspaces/mobility-ros2-firebase/install/ros2_firebase_bridge/share/ros2_firebase_bridge/package.zsh'
[9.369s] Level 1:colcon.colcon_core.environment:create_file_with_runtime_dependencies(/workspaces/mobility-ros2-firebase/install/ros2_firebase_bridge/share/colcon-core/packages/ros2_firebase_bridge)
[9.370s] DEBUG:colcon.colcon_parallel_executor.executor.parallel:closing loop
[9.377s] DEBUG:colcon.colcon_parallel_executor.executor.parallel:loop closed
[9.378s] DEBUG:colcon.colcon_parallel_executor.executor.parallel:run_until_complete finished with '0'
[9.378s] DEBUG:colcon.colcon_core.event_reactor:joining thread
[9.446s] INFO:colcon.colcon_core.plugin_system:Skipping extension 'colcon_notification.desktop_notification.notify_send': Could not find 'notify-send'
[9.446s] INFO:colcon.colcon_core.plugin_system:Skipping extension 'colcon_notification.desktop_notification.terminal_notifier': Not used on non-Darwin systems
[9.446s] INFO:colcon.colcon_core.plugin_system:Skipping extension 'colcon_notification.desktop_notification.win32': Not used on non-Windows systems
[9.447s] INFO:colcon.colcon_notification.desktop_notification:Sending desktop notification using 'notify2'
[9.459s] DEBUG:colcon.colcon_notification.desktop_notification.notify2:Failed to initialize notify2: org.freedesktop.DBus.Error.Spawn.ExecFailed: /usr/bin/dbus-launch terminated abnormally without any error message
[9.460s] DEBUG:colcon.colcon_core.event_reactor:joined thread
[9.461s] INFO:colcon.colcon_core.shell:Creating prefix script '/workspaces/mobility-ros2-firebase/install/local_setup.ps1'
[9.464s] INFO:colcon.colcon_core.shell:Creating prefix util module '/workspaces/mobility-ros2-firebase/install/_local_setup_util_ps1.py'
[9.470s] INFO:colcon.colcon_core.shell:Creating prefix chain script '/workspaces/mobility-ros2-firebase/install/setup.ps1'
[9.474s] INFO:colcon.colcon_core.shell:Creating prefix script '/workspaces/mobility-ros2-firebase/install/local_setup.sh'
[9.476s] INFO:colcon.colcon_core.shell:Creating prefix util module '/workspaces/mobility-ros2-firebase/install/_local_setup_util_sh.py'
[9.477s] INFO:colcon.colcon_core.shell:Creating prefix chain script '/workspaces/mobility-ros2-firebase/install/setup.sh'
[9.480s] INFO:colcon.colcon_core.shell:Creating prefix script '/workspaces/mobility-ros2-firebase/install/local_setup.bash'
[9.487s] INFO:colcon.colcon_core.shell:Creating prefix chain script '/workspaces/mobility-ros2-firebase/install/setup.bash'
[9.490s] INFO:colcon.colcon_core.shell:Creating prefix script '/workspaces/mobility-ros2-firebase/install/local_setup.zsh'
[9.499s] INFO:colcon.colcon_core.shell:Creating prefix chain script '/workspaces/mobility-ros2-firebase/install/setup.zsh'
