running develop
running egg_info
creating ros2_firebase_bridge.egg-info
writing ros2_firebase_bridge.egg-info/PKG-INFO
writing dependency_links to ros2_firebase_bridge.egg-info/dependency_links.txt
writing entry points to ros2_firebase_bridge.egg-info/entry_points.txt
writing requirements to ros2_firebase_bridge.egg-info/requires.txt
writing top-level names to ros2_firebase_bridge.egg-info/top_level.txt
writing manifest file 'ros2_firebase_bridge.egg-info/SOURCES.txt'
reading manifest file 'ros2_firebase_bridge.egg-info/SOURCES.txt'
writing manifest file 'ros2_firebase_bridge.egg-info/SOURCES.txt'
running build_ext
Creating /workspaces/mobility-ros2-firebase/install/ros2_firebase_bridge/lib/python3.10/site-packages/ros2-firebase-bridge.egg-link (link to .)
Installing coordinate_test script to /workspaces/mobility-ros2-firebase/install/ros2_firebase_bridge/bin
Installing firebase_bridge script to /workspaces/mobility-ros2-firebase/install/ros2_firebase_bridge/bin

Installed /workspaces/mobility-ros2-firebase/build/ros2_firebase_bridge
running symlink_data
creating /workspaces/mobility-ros2-firebase/install/ros2_firebase_bridge/share/ament_index
creating /workspaces/mobility-ros2-firebase/install/ros2_firebase_bridge/share/ament_index/resource_index
creating /workspaces/mobility-ros2-firebase/install/ros2_firebase_bridge/share/ament_index/resource_index/packages
symbolically linking /workspaces/mobility-ros2-firebase/build/ros2_firebase_bridge/resource/ros2_firebase_bridge -> /workspaces/mobility-ros2-firebase/install/ros2_firebase_bridge/share/ament_index/resource_index/packages
symbolically linking /workspaces/mobility-ros2-firebase/build/ros2_firebase_bridge/package.xml -> /workspaces/mobility-ros2-firebase/install/ros2_firebase_bridge/share/ros2_firebase_bridge
creating /workspaces/mobility-ros2-firebase/install/ros2_firebase_bridge/share/ros2_firebase_bridge/config
symbolically linking /workspaces/mobility-ros2-firebase/build/ros2_firebase_bridge/config/firebase_config.yaml -> /workspaces/mobility-ros2-firebase/install/ros2_firebase_bridge/share/ros2_firebase_bridge/config
