[0.761s] Invoking command in '/workspaces/mobility-ros2-firebase/build/ros2_firebase_bridge': PYTHONPATH=/workspaces/mobility-ros2-firebase/build/ros2_firebase_bridge/prefix_override:/usr/lib/python3/dist-packages/colcon_core/task/python/colcon_distutils_commands:/workspaces/mobility-ros2-firebase/install/ros2_firebase_bridge/lib/python3.10/site-packages:${PYTHONPATH} /usr/bin/python3 -W ignore:setup.py install is deprecated -W ignore:easy_install command is deprecated setup.py develop --editable --build-directory /workspaces/mobility-ros2-firebase/build/ros2_firebase_bridge/build --no-deps symlink_data
[1.012s] running develop
[1.128s] running egg_info
[1.128s] creating ros2_firebase_bridge.egg-info
[1.128s] writing ros2_firebase_bridge.egg-info/PKG-INFO
[1.129s] writing dependency_links to ros2_firebase_bridge.egg-info/dependency_links.txt
[1.129s] writing entry points to ros2_firebase_bridge.egg-info/entry_points.txt
[1.130s] writing requirements to ros2_firebase_bridge.egg-info/requires.txt
[1.130s] writing top-level names to ros2_firebase_bridge.egg-info/top_level.txt
[1.130s] writing manifest file 'ros2_firebase_bridge.egg-info/SOURCES.txt'
[1.131s] reading manifest file 'ros2_firebase_bridge.egg-info/SOURCES.txt'
[1.132s] writing manifest file 'ros2_firebase_bridge.egg-info/SOURCES.txt'
[1.133s] running build_ext
[1.133s] Creating /workspaces/mobility-ros2-firebase/install/ros2_firebase_bridge/lib/python3.10/site-packages/ros2-firebase-bridge.egg-link (link to .)
[1.134s] Installing coordinate_test script to /workspaces/mobility-ros2-firebase/install/ros2_firebase_bridge/bin
[1.135s] Installing firebase_bridge script to /workspaces/mobility-ros2-firebase/install/ros2_firebase_bridge/bin
[1.135s] 
[1.135s] Installed /workspaces/mobility-ros2-firebase/build/ros2_firebase_bridge
[1.135s] running symlink_data
[1.135s] creating /workspaces/mobility-ros2-firebase/install/ros2_firebase_bridge/share/ament_index
[1.135s] creating /workspaces/mobility-ros2-firebase/install/ros2_firebase_bridge/share/ament_index/resource_index
[1.135s] creating /workspaces/mobility-ros2-firebase/install/ros2_firebase_bridge/share/ament_index/resource_index/packages
[1.136s] symbolically linking /workspaces/mobility-ros2-firebase/build/ros2_firebase_bridge/resource/ros2_firebase_bridge -> /workspaces/mobility-ros2-firebase/install/ros2_firebase_bridge/share/ament_index/resource_index/packages
[1.136s] symbolically linking /workspaces/mobility-ros2-firebase/build/ros2_firebase_bridge/package.xml -> /workspaces/mobility-ros2-firebase/install/ros2_firebase_bridge/share/ros2_firebase_bridge
[1.136s] creating /workspaces/mobility-ros2-firebase/install/ros2_firebase_bridge/share/ros2_firebase_bridge/config
[1.136s] symbolically linking /workspaces/mobility-ros2-firebase/build/ros2_firebase_bridge/config/firebase_config.yaml -> /workspaces/mobility-ros2-firebase/install/ros2_firebase_bridge/share/ros2_firebase_bridge/config
[1.164s] Invoked command in '/workspaces/mobility-ros2-firebase/build/ros2_firebase_bridge' returned '0': PYTHONPATH=/workspaces/mobility-ros2-firebase/build/ros2_firebase_bridge/prefix_override:/usr/lib/python3/dist-packages/colcon_core/task/python/colcon_distutils_commands:/workspaces/mobility-ros2-firebase/install/ros2_firebase_bridge/lib/python3.10/site-packages:${PYTHONPATH} /usr/bin/python3 -W ignore:setup.py install is deprecated -W ignore:easy_install command is deprecated setup.py develop --editable --build-directory /workspaces/mobility-ros2-firebase/build/ros2_firebase_bridge/build --no-deps symlink_data
