[0.427s] DEBUG:colcon:Command line arguments: ['/usr/bin/colcon', 'build', '--packages-select', 'ros2_firebase_bridge']
[0.429s] DEBUG:colcon:Parsed command line arguments: Namespace(log_base=None, log_level=None, verb_name='build', build_base='build', install_base='install', merge_install=False, symlink_install=False, test_result_base=None, continue_on_error=False, executor='parallel', parallel_workers=18, event_handlers=None, ignore_user_meta=False, metas=['./colcon.meta'], base_paths=['.'], packages_ignore=None, packages_ignore_regex=None, paths=None, packages_up_to=None, packages_up_to_regex=None, packages_above=None, packages_above_and_dependencies=None, packages_above_depth=None, packages_select_by_dep=None, packages_skip_by_dep=None, packages_skip_up_to=None, packages_select_build_failed=False, packages_skip_build_finished=False, packages_select_test_failures=False, packages_skip_test_passed=False, packages_select=['ros2_firebase_bridge'], packages_skip=None, packages_select_regex=None, packages_skip_regex=None, packages_start=None, packages_end=None, cmake_args=None, cmake_target=None, cmake_target_skip_unavailable=False, cmake_clean_cache=False, cmake_clean_first=False, cmake_force_configure=False, ament_cmake_args=None, catkin_cmake_args=None, catkin_skip_building_tests=False, mixin_files=None, mixin=None, verb_parser=<colcon_mixin.mixin.mixin_argument.MixinArgumentDecorator object at 0x7f1c2b9cd150>, verb_extension=<colcon_core.verb.build.BuildVerb object at 0x7f1c2bbc66b0>, main=<bound method BuildVerb.main of <colcon_core.verb.build.BuildVerb object at 0x7f1c2bbc66b0>>, mixin_verb=('build',))
[0.936s] Level 1:colcon.colcon_core.package_discovery:discover_packages(colcon_meta) check parameters
[0.937s] Level 1:colcon.colcon_core.package_discovery:discover_packages(recursive) check parameters
[0.938s] Level 1:colcon.colcon_core.package_discovery:discover_packages(ignore) check parameters
[0.938s] Level 1:colcon.colcon_core.package_discovery:discover_packages(path) check parameters
[0.939s] Level 1:colcon.colcon_core.package_discovery:discover_packages(colcon_meta) discover
[0.940s] Level 1:colcon.colcon_core.package_discovery:discover_packages(recursive) discover
[0.940s] INFO:colcon.colcon_core.package_discovery:Crawling recursively for packages in '/workspaces/mobility-ros2-firebase'
[0.941s] Level 1:colcon.colcon_core.package_identification:_identify(.) by extensions ['ignore', 'ignore_ament_install']
[0.941s] Level 1:colcon.colcon_core.package_identification:_identify(.) by extension 'ignore'
[0.941s] Level 1:colcon.colcon_core.package_identification:_identify(.) by extension 'ignore_ament_install'
[0.941s] Level 1:colcon.colcon_core.package_identification:_identify(.) by extensions ['colcon_pkg']
[0.942s] Level 1:colcon.colcon_core.package_identification:_identify(.) by extension 'colcon_pkg'
[0.942s] Level 1:colcon.colcon_core.package_identification:_identify(.) by extensions ['colcon_meta']
[0.942s] Level 1:colcon.colcon_core.package_identification:_identify(.) by extension 'colcon_meta'
[0.942s] Level 1:colcon.colcon_core.package_identification:_identify(.) by extensions ['ros']
[0.942s] Level 1:colcon.colcon_core.package_identification:_identify(.) by extension 'ros'
[0.983s] Level 1:colcon.colcon_core.package_identification:_identify(.) by extensions ['cmake', 'python']
[0.983s] Level 1:colcon.colcon_core.package_identification:_identify(.) by extension 'cmake'
[0.983s] Level 1:colcon.colcon_core.package_identification:_identify(.) by extension 'python'
[0.984s] Level 1:colcon.colcon_core.package_identification:_identify(.) by extensions ['python_setup_py']
[0.984s] Level 1:colcon.colcon_core.package_identification:_identify(.) by extension 'python_setup_py'
[0.988s] Level 1:colcon.colcon_core.package_identification:_identify(build) by extensions ['ignore', 'ignore_ament_install']
[0.988s] Level 1:colcon.colcon_core.package_identification:_identify(build) by extension 'ignore'
[0.989s] Level 1:colcon.colcon_core.package_identification:_identify(build) ignored
[0.990s] Level 1:colcon.colcon_core.package_identification:_identify(config) by extensions ['ignore', 'ignore_ament_install']
[0.990s] Level 1:colcon.colcon_core.package_identification:_identify(config) by extension 'ignore'
[0.991s] Level 1:colcon.colcon_core.package_identification:_identify(config) by extension 'ignore_ament_install'
[0.992s] Level 1:colcon.colcon_core.package_identification:_identify(config) by extensions ['colcon_pkg']
[0.992s] Level 1:colcon.colcon_core.package_identification:_identify(config) by extension 'colcon_pkg'
[0.992s] Level 1:colcon.colcon_core.package_identification:_identify(config) by extensions ['colcon_meta']
[0.992s] Level 1:colcon.colcon_core.package_identification:_identify(config) by extension 'colcon_meta'
[0.993s] Level 1:colcon.colcon_core.package_identification:_identify(config) by extensions ['ros']
[0.993s] Level 1:colcon.colcon_core.package_identification:_identify(config) by extension 'ros'
[0.993s] Level 1:colcon.colcon_core.package_identification:_identify(config) by extensions ['cmake', 'python']
[0.994s] Level 1:colcon.colcon_core.package_identification:_identify(config) by extension 'cmake'
[0.994s] Level 1:colcon.colcon_core.package_identification:_identify(config) by extension 'python'
[0.994s] Level 1:colcon.colcon_core.package_identification:_identify(config) by extensions ['python_setup_py']
[0.995s] Level 1:colcon.colcon_core.package_identification:_identify(config) by extension 'python_setup_py'
[0.995s] Level 1:colcon.colcon_core.package_identification:_identify(install) by extensions ['ignore', 'ignore_ament_install']
[0.995s] Level 1:colcon.colcon_core.package_identification:_identify(install) by extension 'ignore'
[0.995s] Level 1:colcon.colcon_core.package_identification:_identify(install) ignored
[0.996s] Level 1:colcon.colcon_core.package_identification:_identify(log) by extensions ['ignore', 'ignore_ament_install']
[0.996s] Level 1:colcon.colcon_core.package_identification:_identify(log) by extension 'ignore'
[0.996s] Level 1:colcon.colcon_core.package_identification:_identify(log) ignored
[0.997s] Level 1:colcon.colcon_core.package_identification:_identify(scripts) by extensions ['ignore', 'ignore_ament_install']
[0.997s] Level 1:colcon.colcon_core.package_identification:_identify(scripts) by extension 'ignore'
[0.997s] Level 1:colcon.colcon_core.package_identification:_identify(scripts) by extension 'ignore_ament_install'
[0.997s] Level 1:colcon.colcon_core.package_identification:_identify(scripts) by extensions ['colcon_pkg']
[0.997s] Level 1:colcon.colcon_core.package_identification:_identify(scripts) by extension 'colcon_pkg'
[0.998s] Level 1:colcon.colcon_core.package_identification:_identify(scripts) by extensions ['colcon_meta']
[0.998s] Level 1:colcon.colcon_core.package_identification:_identify(scripts) by extension 'colcon_meta'
[0.998s] Level 1:colcon.colcon_core.package_identification:_identify(scripts) by extensions ['ros']
[0.998s] Level 1:colcon.colcon_core.package_identification:_identify(scripts) by extension 'ros'
[0.999s] Level 1:colcon.colcon_core.package_identification:_identify(scripts) by extensions ['cmake', 'python']
[0.999s] Level 1:colcon.colcon_core.package_identification:_identify(scripts) by extension 'cmake'
[0.999s] Level 1:colcon.colcon_core.package_identification:_identify(scripts) by extension 'python'
[0.999s] Level 1:colcon.colcon_core.package_identification:_identify(scripts) by extensions ['python_setup_py']
[0.999s] Level 1:colcon.colcon_core.package_identification:_identify(scripts) by extension 'python_setup_py'
[1.000s] Level 1:colcon.colcon_core.package_identification:_identify(src) by extensions ['ignore', 'ignore_ament_install']
[1.000s] Level 1:colcon.colcon_core.package_identification:_identify(src) by extension 'ignore'
[1.000s] Level 1:colcon.colcon_core.package_identification:_identify(src) by extension 'ignore_ament_install'
[1.001s] Level 1:colcon.colcon_core.package_identification:_identify(src) by extensions ['colcon_pkg']
[1.001s] Level 1:colcon.colcon_core.package_identification:_identify(src) by extension 'colcon_pkg'
[1.001s] Level 1:colcon.colcon_core.package_identification:_identify(src) by extensions ['colcon_meta']
[1.001s] Level 1:colcon.colcon_core.package_identification:_identify(src) by extension 'colcon_meta'
[1.002s] Level 1:colcon.colcon_core.package_identification:_identify(src) by extensions ['ros']
[1.002s] Level 1:colcon.colcon_core.package_identification:_identify(src) by extension 'ros'
[1.002s] Level 1:colcon.colcon_core.package_identification:_identify(src) by extensions ['cmake', 'python']
[1.002s] Level 1:colcon.colcon_core.package_identification:_identify(src) by extension 'cmake'
[1.002s] Level 1:colcon.colcon_core.package_identification:_identify(src) by extension 'python'
[1.002s] Level 1:colcon.colcon_core.package_identification:_identify(src) by extensions ['python_setup_py']
[1.002s] Level 1:colcon.colcon_core.package_identification:_identify(src) by extension 'python_setup_py'
[1.003s] Level 1:colcon.colcon_core.package_identification:_identify(src/ros2_firebase_bridge) by extensions ['ignore', 'ignore_ament_install']
[1.003s] Level 1:colcon.colcon_core.package_identification:_identify(src/ros2_firebase_bridge) by extension 'ignore'
[1.004s] Level 1:colcon.colcon_core.package_identification:_identify(src/ros2_firebase_bridge) by extension 'ignore_ament_install'
[1.004s] Level 1:colcon.colcon_core.package_identification:_identify(src/ros2_firebase_bridge) by extensions ['colcon_pkg']
[1.004s] Level 1:colcon.colcon_core.package_identification:_identify(src/ros2_firebase_bridge) by extension 'colcon_pkg'
[1.004s] Level 1:colcon.colcon_core.package_identification:_identify(src/ros2_firebase_bridge) by extensions ['colcon_meta']
[1.004s] Level 1:colcon.colcon_core.package_identification:_identify(src/ros2_firebase_bridge) by extension 'colcon_meta'
[1.005s] Level 1:colcon.colcon_core.package_identification:_identify(src/ros2_firebase_bridge) by extensions ['ros']
[1.005s] Level 1:colcon.colcon_core.package_identification:_identify(src/ros2_firebase_bridge) by extension 'ros'
[1.017s] DEBUG:colcon.colcon_core.package_identification:Package 'src/ros2_firebase_bridge' with type 'ros.ament_python' and name 'ros2_firebase_bridge'
[1.017s] Level 1:colcon.colcon_core.package_discovery:discover_packages(recursive) using defaults
[1.017s] Level 1:colcon.colcon_core.package_discovery:discover_packages(ignore) discover
[1.017s] Level 1:colcon.colcon_core.package_discovery:discover_packages(ignore) using defaults
[1.017s] Level 1:colcon.colcon_core.package_discovery:discover_packages(path) discover
[1.017s] Level 1:colcon.colcon_core.package_discovery:discover_packages(path) using defaults
[1.081s] Level 5:colcon.colcon_core.verb:set package 'ros2_firebase_bridge' build argument 'cmake_args' from command line to 'None'
[1.081s] Level 5:colcon.colcon_core.verb:set package 'ros2_firebase_bridge' build argument 'cmake_target' from command line to 'None'
[1.081s] Level 5:colcon.colcon_core.verb:set package 'ros2_firebase_bridge' build argument 'cmake_target_skip_unavailable' from command line to 'False'
[1.082s] Level 5:colcon.colcon_core.verb:set package 'ros2_firebase_bridge' build argument 'cmake_clean_cache' from command line to 'False'
[1.082s] Level 5:colcon.colcon_core.verb:set package 'ros2_firebase_bridge' build argument 'cmake_clean_first' from command line to 'False'
[1.082s] Level 5:colcon.colcon_core.verb:set package 'ros2_firebase_bridge' build argument 'cmake_force_configure' from command line to 'False'
[1.082s] Level 5:colcon.colcon_core.verb:set package 'ros2_firebase_bridge' build argument 'ament_cmake_args' from command line to 'None'
[1.082s] Level 5:colcon.colcon_core.verb:set package 'ros2_firebase_bridge' build argument 'catkin_cmake_args' from command line to 'None'
[1.082s] Level 5:colcon.colcon_core.verb:set package 'ros2_firebase_bridge' build argument 'catkin_skip_building_tests' from command line to 'False'
[1.082s] DEBUG:colcon.colcon_core.verb:Building package 'ros2_firebase_bridge' with the following arguments: {'ament_cmake_args': None, 'build_base': '/workspaces/mobility-ros2-firebase/build/ros2_firebase_bridge', 'catkin_cmake_args': None, 'catkin_skip_building_tests': False, 'cmake_args': None, 'cmake_clean_cache': False, 'cmake_clean_first': False, 'cmake_force_configure': False, 'cmake_target': None, 'cmake_target_skip_unavailable': False, 'install_base': '/workspaces/mobility-ros2-firebase/install/ros2_firebase_bridge', 'merge_install': False, 'path': '/workspaces/mobility-ros2-firebase/src/ros2_firebase_bridge', 'symlink_install': False, 'test_result_base': None}
[1.083s] INFO:colcon.colcon_core.executor:Executing jobs using 'parallel' executor
[1.087s] DEBUG:colcon.colcon_parallel_executor.executor.parallel:run_until_complete
[1.089s] INFO:colcon.colcon_ros.task.ament_python.build:Building ROS package in '/workspaces/mobility-ros2-firebase/src/ros2_firebase_bridge' with build type 'ament_python'
[1.090s] Level 1:colcon.colcon_core.shell:create_environment_hook('ros2_firebase_bridge', 'ament_prefix_path')
[1.098s] INFO:colcon.colcon_core.plugin_system:Skipping extension 'colcon_core.shell.bat': Not used on non-Windows systems
[1.099s] INFO:colcon.colcon_core.shell:Creating environment hook '/workspaces/mobility-ros2-firebase/install/ros2_firebase_bridge/share/ros2_firebase_bridge/hook/ament_prefix_path.ps1'
[1.108s] INFO:colcon.colcon_core.shell:Creating environment descriptor '/workspaces/mobility-ros2-firebase/install/ros2_firebase_bridge/share/ros2_firebase_bridge/hook/ament_prefix_path.dsv'
[1.109s] INFO:colcon.colcon_core.shell:Creating environment hook '/workspaces/mobility-ros2-firebase/install/ros2_firebase_bridge/share/ros2_firebase_bridge/hook/ament_prefix_path.sh'
[1.113s] INFO:colcon.colcon_core.shell:Skip shell extension 'powershell' for command environment: Not usable outside of PowerShell
[1.114s] DEBUG:colcon.colcon_core.shell:Skip shell extension 'dsv' for command environment
[2.192s] INFO:colcon.colcon_core.task.python.build:Building Python package in '/workspaces/mobility-ros2-firebase/src/ros2_firebase_bridge'
[2.192s] INFO:colcon.colcon_core.shell:Skip shell extension 'powershell' for command environment: Not usable outside of PowerShell
[2.195s] DEBUG:colcon.colcon_core.shell:Skip shell extension 'dsv' for command environment
[3.564s] DEBUG:colcon.colcon_core.event_handler.log_command:Invoking command in '/workspaces/mobility-ros2-firebase/src/ros2_firebase_bridge': PYTHONPATH=/workspaces/mobility-ros2-firebase/build/ros2_firebase_bridge/prefix_override:/usr/lib/python3/dist-packages/colcon_core/task/python/colcon_distutils_commands:/workspaces/mobility-ros2-firebase/install/ros2_firebase_bridge/lib/python3.10/site-packages:${PYTHONPATH} /usr/bin/python3 -W ignore:setup.py install is deprecated -W ignore:easy_install command is deprecated setup.py egg_info --egg-base ../../build/ros2_firebase_bridge build --build-base /workspaces/mobility-ros2-firebase/build/ros2_firebase_bridge/build install --record /workspaces/mobility-ros2-firebase/build/ros2_firebase_bridge/install.log --single-version-externally-managed install_data
[4.544s] DEBUG:colcon.colcon_core.event_handler.log_command:Invoked command in '/workspaces/mobility-ros2-firebase/src/ros2_firebase_bridge' returned '0': PYTHONPATH=/workspaces/mobility-ros2-firebase/build/ros2_firebase_bridge/prefix_override:/usr/lib/python3/dist-packages/colcon_core/task/python/colcon_distutils_commands:/workspaces/mobility-ros2-firebase/install/ros2_firebase_bridge/lib/python3.10/site-packages:${PYTHONPATH} /usr/bin/python3 -W ignore:setup.py install is deprecated -W ignore:easy_install command is deprecated setup.py egg_info --egg-base ../../build/ros2_firebase_bridge build --build-base /workspaces/mobility-ros2-firebase/build/ros2_firebase_bridge/build install --record /workspaces/mobility-ros2-firebase/build/ros2_firebase_bridge/install.log --single-version-externally-managed install_data
[4.597s] Level 1:colcon.colcon_core.environment:checking '/workspaces/mobility-ros2-firebase/install/ros2_firebase_bridge' for CMake module files
[4.603s] Level 1:colcon.colcon_core.environment:checking '/workspaces/mobility-ros2-firebase/install/ros2_firebase_bridge' for CMake config files
[4.604s] Level 1:colcon.colcon_core.environment:checking '/workspaces/mobility-ros2-firebase/install/ros2_firebase_bridge/lib'
[4.605s] Level 1:colcon.colcon_core.environment:checking '/workspaces/mobility-ros2-firebase/install/ros2_firebase_bridge/bin'
[4.605s] Level 1:colcon.colcon_core.shell:create_environment_hook('ros2_firebase_bridge', 'path')
[4.606s] INFO:colcon.colcon_core.shell:Creating environment hook '/workspaces/mobility-ros2-firebase/install/ros2_firebase_bridge/share/ros2_firebase_bridge/hook/path.ps1'
[4.607s] INFO:colcon.colcon_core.shell:Creating environment descriptor '/workspaces/mobility-ros2-firebase/install/ros2_firebase_bridge/share/ros2_firebase_bridge/hook/path.dsv'
[4.608s] INFO:colcon.colcon_core.shell:Creating environment hook '/workspaces/mobility-ros2-firebase/install/ros2_firebase_bridge/share/ros2_firebase_bridge/hook/path.sh'
[4.609s] Level 1:colcon.colcon_core.environment:checking '/workspaces/mobility-ros2-firebase/install/ros2_firebase_bridge/lib/pkgconfig/ros2_firebase_bridge.pc'
[4.610s] Level 1:colcon.colcon_core.environment:checking '/workspaces/mobility-ros2-firebase/install/ros2_firebase_bridge/lib/python3.10/site-packages'
[4.610s] Level 1:colcon.colcon_core.shell:create_environment_hook('ros2_firebase_bridge', 'pythonpath')
[4.611s] INFO:colcon.colcon_core.shell:Creating environment hook '/workspaces/mobility-ros2-firebase/install/ros2_firebase_bridge/share/ros2_firebase_bridge/hook/pythonpath.ps1'
[4.612s] INFO:colcon.colcon_core.shell:Creating environment descriptor '/workspaces/mobility-ros2-firebase/install/ros2_firebase_bridge/share/ros2_firebase_bridge/hook/pythonpath.dsv'
[4.613s] INFO:colcon.colcon_core.shell:Creating environment hook '/workspaces/mobility-ros2-firebase/install/ros2_firebase_bridge/share/ros2_firebase_bridge/hook/pythonpath.sh'
[4.615s] Level 1:colcon.colcon_core.environment:checking '/workspaces/mobility-ros2-firebase/install/ros2_firebase_bridge/bin'
[4.615s] Level 1:colcon.colcon_core.shell:create_environment_hook('ros2_firebase_bridge', 'pythonscriptspath')
[4.616s] INFO:colcon.colcon_core.shell:Creating environment hook '/workspaces/mobility-ros2-firebase/install/ros2_firebase_bridge/share/ros2_firebase_bridge/hook/pythonscriptspath.ps1'
[4.619s] INFO:colcon.colcon_core.shell:Creating environment descriptor '/workspaces/mobility-ros2-firebase/install/ros2_firebase_bridge/share/ros2_firebase_bridge/hook/pythonscriptspath.dsv'
[4.620s] INFO:colcon.colcon_core.shell:Creating environment hook '/workspaces/mobility-ros2-firebase/install/ros2_firebase_bridge/share/ros2_firebase_bridge/hook/pythonscriptspath.sh'
[4.622s] Level 1:colcon.colcon_core.environment:create_environment_scripts_only(ros2_firebase_bridge)
[4.624s] INFO:colcon.colcon_core.shell:Creating package script '/workspaces/mobility-ros2-firebase/install/ros2_firebase_bridge/share/ros2_firebase_bridge/package.ps1'
[4.627s] INFO:colcon.colcon_core.shell:Creating package descriptor '/workspaces/mobility-ros2-firebase/install/ros2_firebase_bridge/share/ros2_firebase_bridge/package.dsv'
[4.631s] INFO:colcon.colcon_core.shell:Creating package script '/workspaces/mobility-ros2-firebase/install/ros2_firebase_bridge/share/ros2_firebase_bridge/package.sh'
[4.634s] INFO:colcon.colcon_core.shell:Creating package script '/workspaces/mobility-ros2-firebase/install/ros2_firebase_bridge/share/ros2_firebase_bridge/package.bash'
[4.637s] INFO:colcon.colcon_core.shell:Creating package script '/workspaces/mobility-ros2-firebase/install/ros2_firebase_bridge/share/ros2_firebase_bridge/package.zsh'
[4.640s] Level 1:colcon.colcon_core.environment:create_file_with_runtime_dependencies(/workspaces/mobility-ros2-firebase/install/ros2_firebase_bridge/share/colcon-core/packages/ros2_firebase_bridge)
[4.642s] DEBUG:colcon.colcon_parallel_executor.executor.parallel:closing loop
[4.643s] DEBUG:colcon.colcon_parallel_executor.executor.parallel:loop closed
[4.643s] DEBUG:colcon.colcon_parallel_executor.executor.parallel:run_until_complete finished with '0'
[4.643s] DEBUG:colcon.colcon_core.event_reactor:joining thread
[4.663s] INFO:colcon.colcon_core.plugin_system:Skipping extension 'colcon_notification.desktop_notification.notify_send': Could not find 'notify-send'
[4.664s] INFO:colcon.colcon_core.plugin_system:Skipping extension 'colcon_notification.desktop_notification.terminal_notifier': Not used on non-Darwin systems
[4.665s] INFO:colcon.colcon_core.plugin_system:Skipping extension 'colcon_notification.desktop_notification.win32': Not used on non-Windows systems
[4.665s] INFO:colcon.colcon_notification.desktop_notification:Sending desktop notification using 'notify2'
[4.676s] DEBUG:colcon.colcon_notification.desktop_notification.notify2:Failed to initialize notify2: org.freedesktop.DBus.Error.Spawn.ExecFailed: /usr/bin/dbus-launch terminated abnormally without any error message
[4.678s] DEBUG:colcon.colcon_core.event_reactor:joined thread
[4.679s] INFO:colcon.colcon_core.shell:Creating prefix script '/workspaces/mobility-ros2-firebase/install/local_setup.ps1'
[4.686s] INFO:colcon.colcon_core.shell:Creating prefix util module '/workspaces/mobility-ros2-firebase/install/_local_setup_util_ps1.py'
[4.691s] INFO:colcon.colcon_core.shell:Creating prefix chain script '/workspaces/mobility-ros2-firebase/install/setup.ps1'
[4.694s] INFO:colcon.colcon_core.shell:Creating prefix script '/workspaces/mobility-ros2-firebase/install/local_setup.sh'
[4.699s] INFO:colcon.colcon_core.shell:Creating prefix util module '/workspaces/mobility-ros2-firebase/install/_local_setup_util_sh.py'
[4.700s] INFO:colcon.colcon_core.shell:Creating prefix chain script '/workspaces/mobility-ros2-firebase/install/setup.sh'
[4.706s] INFO:colcon.colcon_core.shell:Creating prefix script '/workspaces/mobility-ros2-firebase/install/local_setup.bash'
[4.709s] INFO:colcon.colcon_core.shell:Creating prefix chain script '/workspaces/mobility-ros2-firebase/install/setup.bash'
[4.713s] INFO:colcon.colcon_core.shell:Creating prefix script '/workspaces/mobility-ros2-firebase/install/local_setup.zsh'
[4.715s] INFO:colcon.colcon_core.shell:Creating prefix chain script '/workspaces/mobility-ros2-firebase/install/setup.zsh'
