/workspace/install/ros2_firebase_bridge/lib/python3.10/site-packages/ros2_firebase_bridge/firebase_bridge_node.py
/workspace/install/ros2_firebase_bridge/lib/python3.10/site-packages/ros2_firebase_bridge/firebase_client.py
/workspace/install/ros2_firebase_bridge/lib/python3.10/site-packages/ros2_firebase_bridge/sensor_aggregator.py
/workspace/install/ros2_firebase_bridge/lib/python3.10/site-packages/ros2_firebase_bridge/coordinate_converter.py
/workspace/install/ros2_firebase_bridge/lib/python3.10/site-packages/ros2_firebase_bridge/__init__.py
/workspace/install/ros2_firebase_bridge/lib/python3.10/site-packages/ros2_firebase_bridge/state_publisher.py
/workspace/install/ros2_firebase_bridge/lib/python3.10/site-packages/ros2_firebase_bridge/__pycache__/firebase_bridge_node.cpython-310.pyc
/workspace/install/ros2_firebase_bridge/lib/python3.10/site-packages/ros2_firebase_bridge/__pycache__/firebase_client.cpython-310.pyc
/workspace/install/ros2_firebase_bridge/lib/python3.10/site-packages/ros2_firebase_bridge/__pycache__/sensor_aggregator.cpython-310.pyc
/workspace/install/ros2_firebase_bridge/lib/python3.10/site-packages/ros2_firebase_bridge/__pycache__/coordinate_converter.cpython-310.pyc
/workspace/install/ros2_firebase_bridge/lib/python3.10/site-packages/ros2_firebase_bridge/__pycache__/__init__.cpython-310.pyc
/workspace/install/ros2_firebase_bridge/lib/python3.10/site-packages/ros2_firebase_bridge/__pycache__/state_publisher.cpython-310.pyc
/workspace/install/ros2_firebase_bridge/share/ament_index/resource_index/packages/ros2_firebase_bridge
/workspace/install/ros2_firebase_bridge/share/ros2_firebase_bridge/package.xml
/workspace/install/ros2_firebase_bridge/share/ros2_firebase_bridge/launch
/workspace/install/ros2_firebase_bridge/share/ros2_firebase_bridge/worlds
/workspace/install/ros2_firebase_bridge/share/ros2_firebase_bridge/config
/workspace/install/ros2_firebase_bridge/share/ros2_firebase_bridge/maps
/workspace/install/ros2_firebase_bridge/share/ros2_firebase_bridge/models/yoto_campus
/workspace/install/ros2_firebase_bridge/share/ros2_firebase_bridge/config/rviz
/workspace/install/ros2_firebase_bridge/lib/python3.10/site-packages/ros2_firebase_bridge-0.0.1-py3.10.egg-info/requires.txt
/workspace/install/ros2_firebase_bridge/lib/python3.10/site-packages/ros2_firebase_bridge-0.0.1-py3.10.egg-info/entry_points.txt
/workspace/install/ros2_firebase_bridge/lib/python3.10/site-packages/ros2_firebase_bridge-0.0.1-py3.10.egg-info/SOURCES.txt
/workspace/install/ros2_firebase_bridge/lib/python3.10/site-packages/ros2_firebase_bridge-0.0.1-py3.10.egg-info/zip-safe
/workspace/install/ros2_firebase_bridge/lib/python3.10/site-packages/ros2_firebase_bridge-0.0.1-py3.10.egg-info/top_level.txt
/workspace/install/ros2_firebase_bridge/lib/python3.10/site-packages/ros2_firebase_bridge-0.0.1-py3.10.egg-info/dependency_links.txt
/workspace/install/ros2_firebase_bridge/lib/python3.10/site-packages/ros2_firebase_bridge-0.0.1-py3.10.egg-info/PKG-INFO
/workspace/install/ros2_firebase_bridge/bin/firebase_bridge
/workspace/install/ros2_firebase_bridge/bin/test_tools
