-- The C compiler identification is GNU 11.4.0
-- The CXX compiler identification is GNU 11.4.0
-- Detecting C compiler ABI info
-- Detecting C compiler ABI info - done
-- Check for working C compiler: /usr/bin/cc - skipped
-- Detecting C compile features
-- Detecting C compile features - done
-- Detecting CXX compiler ABI info
-- Detecting CXX compiler ABI info - done
-- Check for working CXX compiler: /usr/bin/c++ - skipped
-- Detecting CXX compile features
-- Detecting CXX compile features - done
-- Found ament_cmake: 1.3.12 (/opt/ros/humble/share/ament_cmake/cmake)
-- Found Python3: /usr/bin/python3 (found version "3.10.12") found components: Interpreter 
-- Found rclpy: 3.3.17 (/opt/ros/humble/share/rclpy/cmake)
-- Found ament_lint_auto: 0.12.14 (/opt/ros/humble/share/ament_lint_auto/cmake)
-- Added test 'copyright' to check source files copyright and LICENSE
-- Added test 'flake8' to check Python code syntax and style conventions
-- Added test 'lint_cmake' to check CMake code style
-- Added test 'pep257' to check Python code against some of the docstring style conventions in PEP 257
-- Added test 'xmllint' to check XML markup files
-- Configuring done
-- Generating done
-- Build files have been written to: /workspaces/mobility-ros2-firebase/build/ros2_firebase_bridge
Built target ament_cmake_python_copy_ros2_firebase_bridge
running egg_info
creating ros2_firebase_bridge.egg-info
writing ros2_firebase_bridge.egg-info/PKG-INFO
writing dependency_links to ros2_firebase_bridge.egg-info/dependency_links.txt
writing top-level names to ros2_firebase_bridge.egg-info/top_level.txt
writing manifest file 'ros2_firebase_bridge.egg-info/SOURCES.txt'
reading manifest file 'ros2_firebase_bridge.egg-info/SOURCES.txt'
writing manifest file 'ros2_firebase_bridge.egg-info/SOURCES.txt'
Built target ament_cmake_python_build_ros2_firebase_bridge_egg
-- Install configuration: ""
-- Installing: /workspaces/mobility-ros2-firebase/install/ros2_firebase_bridge/share/ros2_firebase_bridge/environment/pythonpath.sh
-- Installing: /workspaces/mobility-ros2-firebase/install/ros2_firebase_bridge/share/ros2_firebase_bridge/environment/pythonpath.dsv
-- Installing: /workspaces/mobility-ros2-firebase/install/ros2_firebase_bridge/local/lib/python3.10/dist-packages/ros2_firebase_bridge-0.0.1-py3.10.egg-info
-- Installing: /workspaces/mobility-ros2-firebase/install/ros2_firebase_bridge/local/lib/python3.10/dist-packages/ros2_firebase_bridge-0.0.1-py3.10.egg-info/SOURCES.txt
-- Installing: /workspaces/mobility-ros2-firebase/install/ros2_firebase_bridge/local/lib/python3.10/dist-packages/ros2_firebase_bridge-0.0.1-py3.10.egg-info/top_level.txt
-- Installing: /workspaces/mobility-ros2-firebase/install/ros2_firebase_bridge/local/lib/python3.10/dist-packages/ros2_firebase_bridge-0.0.1-py3.10.egg-info/dependency_links.txt
-- Installing: /workspaces/mobility-ros2-firebase/install/ros2_firebase_bridge/local/lib/python3.10/dist-packages/ros2_firebase_bridge-0.0.1-py3.10.egg-info/PKG-INFO
-- Installing: /workspaces/mobility-ros2-firebase/install/ros2_firebase_bridge/local/lib/python3.10/dist-packages/ros2_firebase_bridge
-- Installing: /workspaces/mobility-ros2-firebase/install/ros2_firebase_bridge/local/lib/python3.10/dist-packages/ros2_firebase_bridge/firebase_bridge_node.py
-- Installing: /workspaces/mobility-ros2-firebase/install/ros2_firebase_bridge/local/lib/python3.10/dist-packages/ros2_firebase_bridge/firebase_client.py
-- Installing: /workspaces/mobility-ros2-firebase/install/ros2_firebase_bridge/local/lib/python3.10/dist-packages/ros2_firebase_bridge/sensor_aggregator.py
-- Installing: /workspaces/mobility-ros2-firebase/install/ros2_firebase_bridge/local/lib/python3.10/dist-packages/ros2_firebase_bridge/coordinate_converter.py
-- Installing: /workspaces/mobility-ros2-firebase/install/ros2_firebase_bridge/local/lib/python3.10/dist-packages/ros2_firebase_bridge/__init__.py
-- Installing: /workspaces/mobility-ros2-firebase/install/ros2_firebase_bridge/local/lib/python3.10/dist-packages/ros2_firebase_bridge/state_publisher.py
Listing '/workspaces/mobility-ros2-firebase/install/ros2_firebase_bridge/local/lib/python3.10/dist-packages/ros2_firebase_bridge'...
Compiling '/workspaces/mobility-ros2-firebase/install/ros2_firebase_bridge/local/lib/python3.10/dist-packages/ros2_firebase_bridge/__init__.py'...
Compiling '/workspaces/mobility-ros2-firebase/install/ros2_firebase_bridge/local/lib/python3.10/dist-packages/ros2_firebase_bridge/coordinate_converter.py'...
Compiling '/workspaces/mobility-ros2-firebase/install/ros2_firebase_bridge/local/lib/python3.10/dist-packages/ros2_firebase_bridge/firebase_bridge_node.py'...
Compiling '/workspaces/mobility-ros2-firebase/install/ros2_firebase_bridge/local/lib/python3.10/dist-packages/ros2_firebase_bridge/firebase_client.py'...
Compiling '/workspaces/mobility-ros2-firebase/install/ros2_firebase_bridge/local/lib/python3.10/dist-packages/ros2_firebase_bridge/sensor_aggregator.py'...
Compiling '/workspaces/mobility-ros2-firebase/install/ros2_firebase_bridge/local/lib/python3.10/dist-packages/ros2_firebase_bridge/state_publisher.py'...
-- Installing: /workspaces/mobility-ros2-firebase/install/ros2_firebase_bridge/lib/ros2_firebase_bridge/firebase_bridge
-- Installing: /workspaces/mobility-ros2-firebase/install/ros2_firebase_bridge/share/ament_index/resource_index/package_run_dependencies/ros2_firebase_bridge
-- Installing: /workspaces/mobility-ros2-firebase/install/ros2_firebase_bridge/share/ament_index/resource_index/parent_prefix_path/ros2_firebase_bridge
-- Installing: /workspaces/mobility-ros2-firebase/install/ros2_firebase_bridge/share/ros2_firebase_bridge/environment/ament_prefix_path.sh
-- Installing: /workspaces/mobility-ros2-firebase/install/ros2_firebase_bridge/share/ros2_firebase_bridge/environment/ament_prefix_path.dsv
-- Installing: /workspaces/mobility-ros2-firebase/install/ros2_firebase_bridge/share/ros2_firebase_bridge/environment/path.sh
-- Installing: /workspaces/mobility-ros2-firebase/install/ros2_firebase_bridge/share/ros2_firebase_bridge/environment/path.dsv
-- Installing: /workspaces/mobility-ros2-firebase/install/ros2_firebase_bridge/share/ros2_firebase_bridge/local_setup.bash
-- Installing: /workspaces/mobility-ros2-firebase/install/ros2_firebase_bridge/share/ros2_firebase_bridge/local_setup.sh
-- Installing: /workspaces/mobility-ros2-firebase/install/ros2_firebase_bridge/share/ros2_firebase_bridge/local_setup.zsh
-- Installing: /workspaces/mobility-ros2-firebase/install/ros2_firebase_bridge/share/ros2_firebase_bridge/local_setup.dsv
-- Installing: /workspaces/mobility-ros2-firebase/install/ros2_firebase_bridge/share/ros2_firebase_bridge/package.dsv
-- Installing: /workspaces/mobility-ros2-firebase/install/ros2_firebase_bridge/share/ament_index/resource_index/packages/ros2_firebase_bridge
-- Installing: /workspaces/mobility-ros2-firebase/install/ros2_firebase_bridge/share/ros2_firebase_bridge/cmake/ros2_firebase_bridgeConfig.cmake
-- Installing: /workspaces/mobility-ros2-firebase/install/ros2_firebase_bridge/share/ros2_firebase_bridge/cmake/ros2_firebase_bridgeConfig-version.cmake
-- Installing: /workspaces/mobility-ros2-firebase/install/ros2_firebase_bridge/share/ros2_firebase_bridge/package.xml
