[0.163s] Invoking command in '/workspaces/mobility-ros2-firebase/build/ros2_firebase_bridge': CMAKE_PREFIX_PATH=/workspaces/mobility-ros2-firebase/install/ros2_firebase_bridge:/workspace/install/ros2_firebase_bridge:/opt/ros/humble /usr/bin/cmake /workspaces/mobility-ros2-firebase/src/ros2_firebase_bridge -DCMAKE_INSTALL_PREFIX=/workspaces/mobility-ros2-firebase/install/ros2_firebase_bridge
[1.273s] -- The C compiler identification is GNU 11.4.0
[1.900s] -- The CXX compiler identification is GNU 11.4.0
[1.955s] -- Detecting C compiler ABI info
[2.404s] -- Detecting C compiler ABI info - done
[2.427s] -- Check for working C compiler: /usr/bin/cc - skipped
[2.435s] -- Detecting C compile features
[2.447s] -- Detecting C compile features - done
[2.460s] -- Detecting CXX compiler ABI info
[2.879s] -- Detecting CXX compiler ABI info - done
[2.889s] -- Check for working CXX compiler: /usr/bin/c++ - skipped
[2.890s] -- Detecting CXX compile features
[2.890s] -- Detecting CXX compile features - done
[3.025s] -- Found ament_cmake: 1.3.12 (/opt/ros/humble/share/ament_cmake/cmake)
[3.512s] -- Found Python3: /usr/bin/python3 (found version "3.10.12") found components: Interpreter 
[4.298s] -- Found rclpy: 3.3.17 (/opt/ros/humble/share/rclpy/cmake)
[4.713s] -- Found ament_lint_auto: 0.12.14 (/opt/ros/humble/share/ament_lint_auto/cmake)
[5.160s] -- Added test 'copyright' to check source files copyright and LICENSE
[5.173s] -- Added test 'flake8' to check Python code syntax and style conventions
[5.177s] -- Added test 'lint_cmake' to check CMake code style
[5.180s] -- Added test 'pep257' to check Python code against some of the docstring style conventions in PEP 257
[5.191s] -- Added test 'xmllint' to check XML markup files
[5.212s] -- Configuring done
[5.246s] -- Generating done
[5.270s] -- Build files have been written to: /workspaces/mobility-ros2-firebase/build/ros2_firebase_bridge
[5.289s] Invoked command in '/workspaces/mobility-ros2-firebase/build/ros2_firebase_bridge' returned '0': CMAKE_PREFIX_PATH=/workspaces/mobility-ros2-firebase/install/ros2_firebase_bridge:/workspace/install/ros2_firebase_bridge:/opt/ros/humble /usr/bin/cmake /workspaces/mobility-ros2-firebase/src/ros2_firebase_bridge -DCMAKE_INSTALL_PREFIX=/workspaces/mobility-ros2-firebase/install/ros2_firebase_bridge
[5.295s] Invoking command in '/workspaces/mobility-ros2-firebase/build/ros2_firebase_bridge': CMAKE_PREFIX_PATH=/workspaces/mobility-ros2-firebase/install/ros2_firebase_bridge:/workspace/install/ros2_firebase_bridge:/opt/ros/humble /usr/bin/cmake --build /workspaces/mobility-ros2-firebase/build/ros2_firebase_bridge -- -j18 -l18
[5.439s] Built target ament_cmake_python_copy_ros2_firebase_bridge
[6.316s] running egg_info
[6.318s] creating ros2_firebase_bridge.egg-info
[6.320s] writing ros2_firebase_bridge.egg-info/PKG-INFO
[6.321s] writing dependency_links to ros2_firebase_bridge.egg-info/dependency_links.txt
[6.324s] writing top-level names to ros2_firebase_bridge.egg-info/top_level.txt
[6.325s] writing manifest file 'ros2_firebase_bridge.egg-info/SOURCES.txt'
[6.349s] reading manifest file 'ros2_firebase_bridge.egg-info/SOURCES.txt'
[6.353s] writing manifest file 'ros2_firebase_bridge.egg-info/SOURCES.txt'
[6.439s] Built target ament_cmake_python_build_ros2_firebase_bridge_egg
[6.476s] Invoked command in '/workspaces/mobility-ros2-firebase/build/ros2_firebase_bridge' returned '0': CMAKE_PREFIX_PATH=/workspaces/mobility-ros2-firebase/install/ros2_firebase_bridge:/workspace/install/ros2_firebase_bridge:/opt/ros/humble /usr/bin/cmake --build /workspaces/mobility-ros2-firebase/build/ros2_firebase_bridge -- -j18 -l18
[6.492s] Invoking command in '/workspaces/mobility-ros2-firebase/build/ros2_firebase_bridge': CMAKE_PREFIX_PATH=/workspaces/mobility-ros2-firebase/install/ros2_firebase_bridge:/workspace/install/ros2_firebase_bridge:/opt/ros/humble /usr/bin/cmake --install /workspaces/mobility-ros2-firebase/build/ros2_firebase_bridge
[6.511s] -- Install configuration: ""
[6.514s] -- Installing: /workspaces/mobility-ros2-firebase/install/ros2_firebase_bridge/share/ros2_firebase_bridge/environment/pythonpath.sh
[6.516s] -- Installing: /workspaces/mobility-ros2-firebase/install/ros2_firebase_bridge/share/ros2_firebase_bridge/environment/pythonpath.dsv
[6.516s] -- Installing: /workspaces/mobility-ros2-firebase/install/ros2_firebase_bridge/local/lib/python3.10/dist-packages/ros2_firebase_bridge-0.0.1-py3.10.egg-info
[6.523s] -- Installing: /workspaces/mobility-ros2-firebase/install/ros2_firebase_bridge/local/lib/python3.10/dist-packages/ros2_firebase_bridge-0.0.1-py3.10.egg-info/SOURCES.txt
[6.523s] -- Installing: /workspaces/mobility-ros2-firebase/install/ros2_firebase_bridge/local/lib/python3.10/dist-packages/ros2_firebase_bridge-0.0.1-py3.10.egg-info/top_level.txt
[6.524s] -- Installing: /workspaces/mobility-ros2-firebase/install/ros2_firebase_bridge/local/lib/python3.10/dist-packages/ros2_firebase_bridge-0.0.1-py3.10.egg-info/dependency_links.txt
[6.524s] -- Installing: /workspaces/mobility-ros2-firebase/install/ros2_firebase_bridge/local/lib/python3.10/dist-packages/ros2_firebase_bridge-0.0.1-py3.10.egg-info/PKG-INFO
[6.525s] -- Installing: /workspaces/mobility-ros2-firebase/install/ros2_firebase_bridge/local/lib/python3.10/dist-packages/ros2_firebase_bridge
[6.526s] -- Installing: /workspaces/mobility-ros2-firebase/install/ros2_firebase_bridge/local/lib/python3.10/dist-packages/ros2_firebase_bridge/firebase_bridge_node.py
[6.536s] -- Installing: /workspaces/mobility-ros2-firebase/install/ros2_firebase_bridge/local/lib/python3.10/dist-packages/ros2_firebase_bridge/firebase_client.py
[6.536s] -- Installing: /workspaces/mobility-ros2-firebase/install/ros2_firebase_bridge/local/lib/python3.10/dist-packages/ros2_firebase_bridge/sensor_aggregator.py
[6.536s] -- Installing: /workspaces/mobility-ros2-firebase/install/ros2_firebase_bridge/local/lib/python3.10/dist-packages/ros2_firebase_bridge/coordinate_converter.py
[6.536s] -- Installing: /workspaces/mobility-ros2-firebase/install/ros2_firebase_bridge/local/lib/python3.10/dist-packages/ros2_firebase_bridge/__init__.py
[6.537s] -- Installing: /workspaces/mobility-ros2-firebase/install/ros2_firebase_bridge/local/lib/python3.10/dist-packages/ros2_firebase_bridge/state_publisher.py
[6.667s] Listing '/workspaces/mobility-ros2-firebase/install/ros2_firebase_bridge/local/lib/python3.10/dist-packages/ros2_firebase_bridge'...
[6.667s] Compiling '/workspaces/mobility-ros2-firebase/install/ros2_firebase_bridge/local/lib/python3.10/dist-packages/ros2_firebase_bridge/__init__.py'...
[6.667s] Compiling '/workspaces/mobility-ros2-firebase/install/ros2_firebase_bridge/local/lib/python3.10/dist-packages/ros2_firebase_bridge/coordinate_converter.py'...
[6.667s] Compiling '/workspaces/mobility-ros2-firebase/install/ros2_firebase_bridge/local/lib/python3.10/dist-packages/ros2_firebase_bridge/firebase_bridge_node.py'...
[6.668s] Compiling '/workspaces/mobility-ros2-firebase/install/ros2_firebase_bridge/local/lib/python3.10/dist-packages/ros2_firebase_bridge/firebase_client.py'...
[6.668s] Compiling '/workspaces/mobility-ros2-firebase/install/ros2_firebase_bridge/local/lib/python3.10/dist-packages/ros2_firebase_bridge/sensor_aggregator.py'...
[6.668s] Compiling '/workspaces/mobility-ros2-firebase/install/ros2_firebase_bridge/local/lib/python3.10/dist-packages/ros2_firebase_bridge/state_publisher.py'...
[6.696s] -- Installing: /workspaces/mobility-ros2-firebase/install/ros2_firebase_bridge/lib/ros2_firebase_bridge/firebase_bridge
[6.709s] -- Installing: /workspaces/mobility-ros2-firebase/install/ros2_firebase_bridge/share/ament_index/resource_index/package_run_dependencies/ros2_firebase_bridge
[6.709s] -- Installing: /workspaces/mobility-ros2-firebase/install/ros2_firebase_bridge/share/ament_index/resource_index/parent_prefix_path/ros2_firebase_bridge
[6.709s] -- Installing: /workspaces/mobility-ros2-firebase/install/ros2_firebase_bridge/share/ros2_firebase_bridge/environment/ament_prefix_path.sh
[6.710s] -- Installing: /workspaces/mobility-ros2-firebase/install/ros2_firebase_bridge/share/ros2_firebase_bridge/environment/ament_prefix_path.dsv
[6.712s] -- Installing: /workspaces/mobility-ros2-firebase/install/ros2_firebase_bridge/share/ros2_firebase_bridge/environment/path.sh
[6.712s] -- Installing: /workspaces/mobility-ros2-firebase/install/ros2_firebase_bridge/share/ros2_firebase_bridge/environment/path.dsv
[6.712s] -- Installing: /workspaces/mobility-ros2-firebase/install/ros2_firebase_bridge/share/ros2_firebase_bridge/local_setup.bash
[6.712s] -- Installing: /workspaces/mobility-ros2-firebase/install/ros2_firebase_bridge/share/ros2_firebase_bridge/local_setup.sh
[6.713s] -- Installing: /workspaces/mobility-ros2-firebase/install/ros2_firebase_bridge/share/ros2_firebase_bridge/local_setup.zsh
[6.713s] -- Installing: /workspaces/mobility-ros2-firebase/install/ros2_firebase_bridge/share/ros2_firebase_bridge/local_setup.dsv
[6.713s] -- Installing: /workspaces/mobility-ros2-firebase/install/ros2_firebase_bridge/share/ros2_firebase_bridge/package.dsv
[6.721s] -- Installing: /workspaces/mobility-ros2-firebase/install/ros2_firebase_bridge/share/ament_index/resource_index/packages/ros2_firebase_bridge
[6.725s] -- Installing: /workspaces/mobility-ros2-firebase/install/ros2_firebase_bridge/share/ros2_firebase_bridge/cmake/ros2_firebase_bridgeConfig.cmake
[6.727s] -- Installing: /workspaces/mobility-ros2-firebase/install/ros2_firebase_bridge/share/ros2_firebase_bridge/cmake/ros2_firebase_bridgeConfig-version.cmake
[6.728s] -- Installing: /workspaces/mobility-ros2-firebase/install/ros2_firebase_bridge/share/ros2_firebase_bridge/package.xml
[6.748s] Invoked command in '/workspaces/mobility-ros2-firebase/build/ros2_firebase_bridge' returned '0': CMAKE_PREFIX_PATH=/workspaces/mobility-ros2-firebase/install/ros2_firebase_bridge:/workspace/install/ros2_firebase_bridge:/opt/ros/humble /usr/bin/cmake --install /workspaces/mobility-ros2-firebase/build/ros2_firebase_bridge
