[0.886s] Invoking command in '/workspaces/mobility-ros2-firebase/src/ros2_firebase_bridge': PYTHONPATH=/workspaces/mobility-ros2-firebase/build/ros2_firebase_bridge/prefix_override:/usr/lib/python3/dist-packages/colcon_core/task/python/colcon_distutils_commands:/workspaces/mobility-ros2-firebase/install/ros2_firebase_bridge/lib/python3.10/site-packages:${PYTHONPATH} /usr/bin/python3 -W ignore:setup.py install is deprecated -W ignore:easy_install command is deprecated setup.py egg_info --egg-base ../../build/ros2_firebase_bridge build --build-base /workspaces/mobility-ros2-firebase/build/ros2_firebase_bridge/build install --record /workspaces/mobility-ros2-firebase/build/ros2_firebase_bridge/install.log --single-version-externally-managed install_data
[1.105s] running egg_info
[1.108s] writing ../../build/ros2_firebase_bridge/ros2_firebase_bridge.egg-info/PKG-INFO
[1.110s] writing dependency_links to ../../build/ros2_firebase_bridge/ros2_firebase_bridge.egg-info/dependency_links.txt
[1.111s] writing entry points to ../../build/ros2_firebase_bridge/ros2_firebase_bridge.egg-info/entry_points.txt
[1.111s] writing requirements to ../../build/ros2_firebase_bridge/ros2_firebase_bridge.egg-info/requires.txt
[1.111s] writing top-level names to ../../build/ros2_firebase_bridge/ros2_firebase_bridge.egg-info/top_level.txt
[1.114s] reading manifest file '../../build/ros2_firebase_bridge/ros2_firebase_bridge.egg-info/SOURCES.txt'
[1.115s] writing manifest file '../../build/ros2_firebase_bridge/ros2_firebase_bridge.egg-info/SOURCES.txt'
[1.115s] running build
[1.116s] running build_py
[1.116s] copying ros2_firebase_bridge/firebase_bridge_node.py -> /workspaces/mobility-ros2-firebase/build/ros2_firebase_bridge/build/lib/ros2_firebase_bridge
[1.116s] running install
[1.117s] running install_lib
[1.117s] copying /workspaces/mobility-ros2-firebase/build/ros2_firebase_bridge/build/lib/ros2_firebase_bridge/firebase_bridge_node.py -> /workspaces/mobility-ros2-firebase/install/ros2_firebase_bridge/lib/python3.10/site-packages/ros2_firebase_bridge
[1.119s] byte-compiling /workspaces/mobility-ros2-firebase/install/ros2_firebase_bridge/lib/python3.10/site-packages/ros2_firebase_bridge/firebase_bridge_node.py to firebase_bridge_node.cpython-310.pyc
[1.122s] running install_data
[1.123s] running install_egg_info
[1.124s] removing '/workspaces/mobility-ros2-firebase/install/ros2_firebase_bridge/lib/python3.10/site-packages/ros2_firebase_bridge-0.0.1-py3.10.egg-info' (and everything under it)
[1.125s] Copying ../../build/ros2_firebase_bridge/ros2_firebase_bridge.egg-info to /workspaces/mobility-ros2-firebase/install/ros2_firebase_bridge/lib/python3.10/site-packages/ros2_firebase_bridge-0.0.1-py3.10.egg-info
[1.127s] running install_scripts
[1.148s] Installing coordinate_test script to /workspaces/mobility-ros2-firebase/install/ros2_firebase_bridge/bin
[1.149s] Installing firebase_bridge script to /workspaces/mobility-ros2-firebase/install/ros2_firebase_bridge/bin
[1.149s] writing list of installed files to '/workspaces/mobility-ros2-firebase/build/ros2_firebase_bridge/install.log'
[1.180s] Invoked command in '/workspaces/mobility-ros2-firebase/src/ros2_firebase_bridge' returned '0': PYTHONPATH=/workspaces/mobility-ros2-firebase/build/ros2_firebase_bridge/prefix_override:/usr/lib/python3/dist-packages/colcon_core/task/python/colcon_distutils_commands:/workspaces/mobility-ros2-firebase/install/ros2_firebase_bridge/lib/python3.10/site-packages:${PYTHONPATH} /usr/bin/python3 -W ignore:setup.py install is deprecated -W ignore:easy_install command is deprecated setup.py egg_info --egg-base ../../build/ros2_firebase_bridge build --build-base /workspaces/mobility-ros2-firebase/build/ros2_firebase_bridge/build install --record /workspaces/mobility-ros2-firebase/build/ros2_firebase_bridge/install.log --single-version-externally-managed install_data
