[0.694s] DEBUG:colcon:Command line arguments: ['/usr/bin/colcon', 'build', '--symlink-install']
[0.695s] DEBUG:colcon:Parsed command line arguments: Namespace(log_base=None, log_level=None, verb_name='build', build_base='build', install_base='install', merge_install=False, symlink_install=True, test_result_base=None, continue_on_error=False, executor='parallel', parallel_workers=18, event_handlers=None, ignore_user_meta=False, metas=['./colcon.meta'], base_paths=['.'], packages_ignore=None, packages_ignore_regex=None, paths=None, packages_up_to=None, packages_up_to_regex=None, packages_above=None, packages_above_and_dependencies=None, packages_above_depth=None, packages_select_by_dep=None, packages_skip_by_dep=None, packages_skip_up_to=None, packages_select_build_failed=False, packages_skip_build_finished=False, packages_select_test_failures=False, packages_skip_test_passed=False, packages_select=None, packages_skip=None, packages_select_regex=None, packages_skip_regex=None, packages_start=None, packages_end=None, cmake_args=None, cmake_target=None, cmake_target_skip_unavailable=False, cmake_clean_cache=False, cmake_clean_first=False, cmake_force_configure=False, ament_cmake_args=None, catkin_cmake_args=None, catkin_skip_building_tests=False, mixin_files=None, mixin=None, verb_parser=<colcon_mixin.mixin.mixin_argument.MixinArgumentDecorator object at 0x7fe8bba25ab0>, verb_extension=<colcon_core.verb.build.BuildVerb object at 0x7fe8bbc17010>, main=<bound method BuildVerb.main of <colcon_core.verb.build.BuildVerb object at 0x7fe8bbc17010>>, mixin_verb=('build',))
[2.059s] Level 1:colcon.colcon_core.package_discovery:discover_packages(colcon_meta) check parameters
[2.059s] Level 1:colcon.colcon_core.package_discovery:discover_packages(recursive) check parameters
[2.059s] Level 1:colcon.colcon_core.package_discovery:discover_packages(ignore) check parameters
[2.060s] Level 1:colcon.colcon_core.package_discovery:discover_packages(path) check parameters
[2.060s] Level 1:colcon.colcon_core.package_discovery:discover_packages(colcon_meta) discover
[2.060s] Level 1:colcon.colcon_core.package_discovery:discover_packages(recursive) discover
[2.060s] INFO:colcon.colcon_core.package_discovery:Crawling recursively for packages in '/workspaces/mobility-ros2-firebase'
[2.060s] Level 1:colcon.colcon_core.package_identification:_identify(.) by extensions ['ignore', 'ignore_ament_install']
[2.061s] Level 1:colcon.colcon_core.package_identification:_identify(.) by extension 'ignore'
[2.061s] Level 1:colcon.colcon_core.package_identification:_identify(.) by extension 'ignore_ament_install'
[2.061s] Level 1:colcon.colcon_core.package_identification:_identify(.) by extensions ['colcon_pkg']
[2.062s] Level 1:colcon.colcon_core.package_identification:_identify(.) by extension 'colcon_pkg'
[2.062s] Level 1:colcon.colcon_core.package_identification:_identify(.) by extensions ['colcon_meta']
[2.062s] Level 1:colcon.colcon_core.package_identification:_identify(.) by extension 'colcon_meta'
[2.062s] Level 1:colcon.colcon_core.package_identification:_identify(.) by extensions ['ros']
[2.062s] Level 1:colcon.colcon_core.package_identification:_identify(.) by extension 'ros'
[2.124s] Level 1:colcon.colcon_core.package_identification:_identify(.) by extensions ['cmake', 'python']
[2.124s] Level 1:colcon.colcon_core.package_identification:_identify(.) by extension 'cmake'
[2.125s] Level 1:colcon.colcon_core.package_identification:_identify(.) by extension 'python'
[2.126s] Level 1:colcon.colcon_core.package_identification:_identify(.) by extensions ['python_setup_py']
[2.127s] Level 1:colcon.colcon_core.package_identification:_identify(.) by extension 'python_setup_py'
[2.128s] Level 1:colcon.colcon_core.package_identification:_identify(build) by extensions ['ignore', 'ignore_ament_install']
[2.132s] Level 1:colcon.colcon_core.package_identification:_identify(build) by extension 'ignore'
[2.133s] Level 1:colcon.colcon_core.package_identification:_identify(build) ignored
[2.134s] Level 1:colcon.colcon_core.package_identification:_identify(config) by extensions ['ignore', 'ignore_ament_install']
[2.135s] Level 1:colcon.colcon_core.package_identification:_identify(config) by extension 'ignore'
[2.135s] Level 1:colcon.colcon_core.package_identification:_identify(config) by extension 'ignore_ament_install'
[2.136s] Level 1:colcon.colcon_core.package_identification:_identify(config) by extensions ['colcon_pkg']
[2.136s] Level 1:colcon.colcon_core.package_identification:_identify(config) by extension 'colcon_pkg'
[2.136s] Level 1:colcon.colcon_core.package_identification:_identify(config) by extensions ['colcon_meta']
[2.136s] Level 1:colcon.colcon_core.package_identification:_identify(config) by extension 'colcon_meta'
[2.136s] Level 1:colcon.colcon_core.package_identification:_identify(config) by extensions ['ros']
[2.136s] Level 1:colcon.colcon_core.package_identification:_identify(config) by extension 'ros'
[2.137s] Level 1:colcon.colcon_core.package_identification:_identify(config) by extensions ['cmake', 'python']
[2.137s] Level 1:colcon.colcon_core.package_identification:_identify(config) by extension 'cmake'
[2.137s] Level 1:colcon.colcon_core.package_identification:_identify(config) by extension 'python'
[2.137s] Level 1:colcon.colcon_core.package_identification:_identify(config) by extensions ['python_setup_py']
[2.137s] Level 1:colcon.colcon_core.package_identification:_identify(config) by extension 'python_setup_py'
[2.137s] Level 1:colcon.colcon_core.package_identification:_identify(install) by extensions ['ignore', 'ignore_ament_install']
[2.138s] Level 1:colcon.colcon_core.package_identification:_identify(install) by extension 'ignore'
[2.138s] Level 1:colcon.colcon_core.package_identification:_identify(install) ignored
[2.138s] Level 1:colcon.colcon_core.package_identification:_identify(log) by extensions ['ignore', 'ignore_ament_install']
[2.139s] Level 1:colcon.colcon_core.package_identification:_identify(log) by extension 'ignore'
[2.139s] Level 1:colcon.colcon_core.package_identification:_identify(log) ignored
[2.139s] Level 1:colcon.colcon_core.package_identification:_identify(scripts) by extensions ['ignore', 'ignore_ament_install']
[2.139s] Level 1:colcon.colcon_core.package_identification:_identify(scripts) by extension 'ignore'
[2.139s] Level 1:colcon.colcon_core.package_identification:_identify(scripts) by extension 'ignore_ament_install'
[2.140s] Level 1:colcon.colcon_core.package_identification:_identify(scripts) by extensions ['colcon_pkg']
[2.140s] Level 1:colcon.colcon_core.package_identification:_identify(scripts) by extension 'colcon_pkg'
[2.140s] Level 1:colcon.colcon_core.package_identification:_identify(scripts) by extensions ['colcon_meta']
[2.140s] Level 1:colcon.colcon_core.package_identification:_identify(scripts) by extension 'colcon_meta'
[2.140s] Level 1:colcon.colcon_core.package_identification:_identify(scripts) by extensions ['ros']
[2.140s] Level 1:colcon.colcon_core.package_identification:_identify(scripts) by extension 'ros'
[2.141s] Level 1:colcon.colcon_core.package_identification:_identify(scripts) by extensions ['cmake', 'python']
[2.141s] Level 1:colcon.colcon_core.package_identification:_identify(scripts) by extension 'cmake'
[2.141s] Level 1:colcon.colcon_core.package_identification:_identify(scripts) by extension 'python'
[2.141s] Level 1:colcon.colcon_core.package_identification:_identify(scripts) by extensions ['python_setup_py']
[2.141s] Level 1:colcon.colcon_core.package_identification:_identify(scripts) by extension 'python_setup_py'
[2.141s] Level 1:colcon.colcon_core.package_identification:_identify(src) by extensions ['ignore', 'ignore_ament_install']
[2.142s] Level 1:colcon.colcon_core.package_identification:_identify(src) by extension 'ignore'
[2.144s] Level 1:colcon.colcon_core.package_identification:_identify(src) by extension 'ignore_ament_install'
[2.146s] Level 1:colcon.colcon_core.package_identification:_identify(src) by extensions ['colcon_pkg']
[2.147s] Level 1:colcon.colcon_core.package_identification:_identify(src) by extension 'colcon_pkg'
[2.147s] Level 1:colcon.colcon_core.package_identification:_identify(src) by extensions ['colcon_meta']
[2.148s] Level 1:colcon.colcon_core.package_identification:_identify(src) by extension 'colcon_meta'
[2.150s] Level 1:colcon.colcon_core.package_identification:_identify(src) by extensions ['ros']
[2.151s] Level 1:colcon.colcon_core.package_identification:_identify(src) by extension 'ros'
[2.152s] Level 1:colcon.colcon_core.package_identification:_identify(src) by extensions ['cmake', 'python']
[2.153s] Level 1:colcon.colcon_core.package_identification:_identify(src) by extension 'cmake'
[2.153s] Level 1:colcon.colcon_core.package_identification:_identify(src) by extension 'python'
[2.153s] Level 1:colcon.colcon_core.package_identification:_identify(src) by extensions ['python_setup_py']
[2.153s] Level 1:colcon.colcon_core.package_identification:_identify(src) by extension 'python_setup_py'
[2.154s] Level 1:colcon.colcon_core.package_identification:_identify(src/ros2_firebase_bridge) by extensions ['ignore', 'ignore_ament_install']
[2.154s] Level 1:colcon.colcon_core.package_identification:_identify(src/ros2_firebase_bridge) by extension 'ignore'
[2.154s] Level 1:colcon.colcon_core.package_identification:_identify(src/ros2_firebase_bridge) by extension 'ignore_ament_install'
[2.155s] Level 1:colcon.colcon_core.package_identification:_identify(src/ros2_firebase_bridge) by extensions ['colcon_pkg']
[2.155s] Level 1:colcon.colcon_core.package_identification:_identify(src/ros2_firebase_bridge) by extension 'colcon_pkg'
[2.155s] Level 1:colcon.colcon_core.package_identification:_identify(src/ros2_firebase_bridge) by extensions ['colcon_meta']
[2.156s] Level 1:colcon.colcon_core.package_identification:_identify(src/ros2_firebase_bridge) by extension 'colcon_meta'
[2.156s] Level 1:colcon.colcon_core.package_identification:_identify(src/ros2_firebase_bridge) by extensions ['ros']
[2.156s] Level 1:colcon.colcon_core.package_identification:_identify(src/ros2_firebase_bridge) by extension 'ros'
[2.174s] DEBUG:colcon.colcon_core.package_identification:Package 'src/ros2_firebase_bridge' with type 'ros.ament_python' and name 'ros2_firebase_bridge'
[2.174s] Level 1:colcon.colcon_core.package_discovery:discover_packages(recursive) using defaults
[2.174s] Level 1:colcon.colcon_core.package_discovery:discover_packages(ignore) discover
[2.174s] Level 1:colcon.colcon_core.package_discovery:discover_packages(ignore) using defaults
[2.175s] Level 1:colcon.colcon_core.package_discovery:discover_packages(path) discover
[2.175s] Level 1:colcon.colcon_core.package_discovery:discover_packages(path) using defaults
[2.267s] Level 5:colcon.colcon_core.verb:set package 'ros2_firebase_bridge' build argument 'cmake_args' from command line to 'None'
[2.268s] Level 5:colcon.colcon_core.verb:set package 'ros2_firebase_bridge' build argument 'cmake_target' from command line to 'None'
[2.273s] Level 5:colcon.colcon_core.verb:set package 'ros2_firebase_bridge' build argument 'cmake_target_skip_unavailable' from command line to 'False'
[2.274s] Level 5:colcon.colcon_core.verb:set package 'ros2_firebase_bridge' build argument 'cmake_clean_cache' from command line to 'False'
[2.275s] Level 5:colcon.colcon_core.verb:set package 'ros2_firebase_bridge' build argument 'cmake_clean_first' from command line to 'False'
[2.275s] Level 5:colcon.colcon_core.verb:set package 'ros2_firebase_bridge' build argument 'cmake_force_configure' from command line to 'False'
[2.276s] Level 5:colcon.colcon_core.verb:set package 'ros2_firebase_bridge' build argument 'ament_cmake_args' from command line to 'None'
[2.278s] Level 5:colcon.colcon_core.verb:set package 'ros2_firebase_bridge' build argument 'catkin_cmake_args' from command line to 'None'
[2.278s] Level 5:colcon.colcon_core.verb:set package 'ros2_firebase_bridge' build argument 'catkin_skip_building_tests' from command line to 'False'
[2.279s] DEBUG:colcon.colcon_core.verb:Building package 'ros2_firebase_bridge' with the following arguments: {'ament_cmake_args': None, 'build_base': '/workspaces/mobility-ros2-firebase/build/ros2_firebase_bridge', 'catkin_cmake_args': None, 'catkin_skip_building_tests': False, 'cmake_args': None, 'cmake_clean_cache': False, 'cmake_clean_first': False, 'cmake_force_configure': False, 'cmake_target': None, 'cmake_target_skip_unavailable': False, 'install_base': '/workspaces/mobility-ros2-firebase/install/ros2_firebase_bridge', 'merge_install': False, 'path': '/workspaces/mobility-ros2-firebase/src/ros2_firebase_bridge', 'symlink_install': True, 'test_result_base': None}
[2.280s] INFO:colcon.colcon_core.executor:Executing jobs using 'parallel' executor
[2.286s] DEBUG:colcon.colcon_parallel_executor.executor.parallel:run_until_complete
[2.287s] INFO:colcon.colcon_ros.task.ament_python.build:Building ROS package in '/workspaces/mobility-ros2-firebase/src/ros2_firebase_bridge' with build type 'ament_python'
[2.288s] Level 1:colcon.colcon_core.shell:create_environment_hook('ros2_firebase_bridge', 'ament_prefix_path')
[2.300s] INFO:colcon.colcon_core.plugin_system:Skipping extension 'colcon_core.shell.bat': Not used on non-Windows systems
[2.301s] INFO:colcon.colcon_core.shell:Creating environment hook '/workspaces/mobility-ros2-firebase/install/ros2_firebase_bridge/share/ros2_firebase_bridge/hook/ament_prefix_path.ps1'
[2.307s] INFO:colcon.colcon_core.shell:Creating environment descriptor '/workspaces/mobility-ros2-firebase/install/ros2_firebase_bridge/share/ros2_firebase_bridge/hook/ament_prefix_path.dsv'
[2.308s] INFO:colcon.colcon_core.shell:Creating environment hook '/workspaces/mobility-ros2-firebase/install/ros2_firebase_bridge/share/ros2_firebase_bridge/hook/ament_prefix_path.sh'
[2.316s] INFO:colcon.colcon_core.shell:Skip shell extension 'powershell' for command environment: Not usable outside of PowerShell
[2.317s] DEBUG:colcon.colcon_core.shell:Skip shell extension 'dsv' for command environment
[3.881s] INFO:colcon.colcon_core.task.python.build:Building Python package in '/workspaces/mobility-ros2-firebase/src/ros2_firebase_bridge'
[3.882s] INFO:colcon.colcon_core.shell:Skip shell extension 'powershell' for command environment: Not usable outside of PowerShell
[3.883s] DEBUG:colcon.colcon_core.shell:Skip shell extension 'dsv' for command environment
[6.040s] DEBUG:colcon.colcon_core.event_handler.log_command:Invoking command in '/workspaces/mobility-ros2-firebase/build/ros2_firebase_bridge': PYTHONPATH=/workspaces/mobility-ros2-firebase/build/ros2_firebase_bridge/prefix_override:/usr/lib/python3/dist-packages/colcon_core/task/python/colcon_distutils_commands:/workspaces/mobility-ros2-firebase/install/ros2_firebase_bridge/lib/python3.10/site-packages:${PYTHONPATH} /usr/bin/python3 -W ignore:setup.py install is deprecated -W ignore:easy_install command is deprecated setup.py develop --editable --build-directory /workspaces/mobility-ros2-firebase/build/ros2_firebase_bridge/build --no-deps symlink_data
[8.827s] Level 1:colcon.colcon_core.shell:create_environment_hook('ros2_firebase_bridge', 'pythonpath_develop')
[8.828s] DEBUG:colcon.colcon_core.event_handler.log_command:Invoked command in '/workspaces/mobility-ros2-firebase/build/ros2_firebase_bridge' returned '0': PYTHONPATH=/workspaces/mobility-ros2-firebase/build/ros2_firebase_bridge/prefix_override:/usr/lib/python3/dist-packages/colcon_core/task/python/colcon_distutils_commands:/workspaces/mobility-ros2-firebase/install/ros2_firebase_bridge/lib/python3.10/site-packages:${PYTHONPATH} /usr/bin/python3 -W ignore:setup.py install is deprecated -W ignore:easy_install command is deprecated setup.py develop --editable --build-directory /workspaces/mobility-ros2-firebase/build/ros2_firebase_bridge/build --no-deps symlink_data
[8.829s] INFO:colcon.colcon_core.shell:Creating environment hook '/workspaces/mobility-ros2-firebase/build/ros2_firebase_bridge/share/ros2_firebase_bridge/hook/pythonpath_develop.ps1'
[8.833s] INFO:colcon.colcon_core.shell:Creating environment descriptor '/workspaces/mobility-ros2-firebase/build/ros2_firebase_bridge/share/ros2_firebase_bridge/hook/pythonpath_develop.dsv'
[8.835s] INFO:colcon.colcon_core.shell:Creating environment hook '/workspaces/mobility-ros2-firebase/build/ros2_firebase_bridge/share/ros2_firebase_bridge/hook/pythonpath_develop.sh'
[8.849s] Level 1:colcon.colcon_core.environment:checking '/workspaces/mobility-ros2-firebase/install/ros2_firebase_bridge' for CMake module files
[8.856s] Level 1:colcon.colcon_core.environment:checking '/workspaces/mobility-ros2-firebase/install/ros2_firebase_bridge' for CMake config files
[8.860s] Level 1:colcon.colcon_core.environment:checking '/workspaces/mobility-ros2-firebase/install/ros2_firebase_bridge/lib'
[8.862s] Level 1:colcon.colcon_core.environment:checking '/workspaces/mobility-ros2-firebase/install/ros2_firebase_bridge/bin'
[8.862s] Level 1:colcon.colcon_core.shell:create_environment_hook('ros2_firebase_bridge', 'path')
[8.863s] INFO:colcon.colcon_core.shell:Creating environment hook '/workspaces/mobility-ros2-firebase/install/ros2_firebase_bridge/share/ros2_firebase_bridge/hook/path.ps1'
[8.865s] INFO:colcon.colcon_core.shell:Creating environment descriptor '/workspaces/mobility-ros2-firebase/install/ros2_firebase_bridge/share/ros2_firebase_bridge/hook/path.dsv'
[8.866s] INFO:colcon.colcon_core.shell:Creating environment hook '/workspaces/mobility-ros2-firebase/install/ros2_firebase_bridge/share/ros2_firebase_bridge/hook/path.sh'
[8.867s] Level 1:colcon.colcon_core.environment:checking '/workspaces/mobility-ros2-firebase/install/ros2_firebase_bridge/lib/pkgconfig/ros2_firebase_bridge.pc'
[8.868s] Level 1:colcon.colcon_core.environment:checking '/workspaces/mobility-ros2-firebase/install/ros2_firebase_bridge/lib/python3.10/site-packages'
[8.868s] Level 1:colcon.colcon_core.shell:create_environment_hook('ros2_firebase_bridge', 'pythonpath')
[8.869s] INFO:colcon.colcon_core.shell:Creating environment hook '/workspaces/mobility-ros2-firebase/install/ros2_firebase_bridge/share/ros2_firebase_bridge/hook/pythonpath.ps1'
[8.873s] INFO:colcon.colcon_core.shell:Creating environment descriptor '/workspaces/mobility-ros2-firebase/install/ros2_firebase_bridge/share/ros2_firebase_bridge/hook/pythonpath.dsv'
[8.878s] INFO:colcon.colcon_core.shell:Creating environment hook '/workspaces/mobility-ros2-firebase/install/ros2_firebase_bridge/share/ros2_firebase_bridge/hook/pythonpath.sh'
[8.882s] Level 1:colcon.colcon_core.environment:checking '/workspaces/mobility-ros2-firebase/install/ros2_firebase_bridge/bin'
[8.883s] Level 1:colcon.colcon_core.shell:create_environment_hook('ros2_firebase_bridge', 'pythonscriptspath')
[8.884s] INFO:colcon.colcon_core.shell:Creating environment hook '/workspaces/mobility-ros2-firebase/install/ros2_firebase_bridge/share/ros2_firebase_bridge/hook/pythonscriptspath.ps1'
[8.887s] INFO:colcon.colcon_core.shell:Creating environment descriptor '/workspaces/mobility-ros2-firebase/install/ros2_firebase_bridge/share/ros2_firebase_bridge/hook/pythonscriptspath.dsv'
[8.891s] INFO:colcon.colcon_core.shell:Creating environment hook '/workspaces/mobility-ros2-firebase/install/ros2_firebase_bridge/share/ros2_firebase_bridge/hook/pythonscriptspath.sh'
[8.893s] Level 1:colcon.colcon_core.environment:create_environment_scripts_only(ros2_firebase_bridge)
[8.899s] INFO:colcon.colcon_core.shell:Creating package script '/workspaces/mobility-ros2-firebase/install/ros2_firebase_bridge/share/ros2_firebase_bridge/package.ps1'
[8.901s] INFO:colcon.colcon_core.shell:Creating package descriptor '/workspaces/mobility-ros2-firebase/install/ros2_firebase_bridge/share/ros2_firebase_bridge/package.dsv'
[8.903s] INFO:colcon.colcon_core.shell:Creating package script '/workspaces/mobility-ros2-firebase/install/ros2_firebase_bridge/share/ros2_firebase_bridge/package.sh'
[8.907s] INFO:colcon.colcon_core.shell:Creating package script '/workspaces/mobility-ros2-firebase/install/ros2_firebase_bridge/share/ros2_firebase_bridge/package.bash'
[8.910s] INFO:colcon.colcon_core.shell:Creating package script '/workspaces/mobility-ros2-firebase/install/ros2_firebase_bridge/share/ros2_firebase_bridge/package.zsh'
[8.912s] Level 1:colcon.colcon_core.environment:create_file_with_runtime_dependencies(/workspaces/mobility-ros2-firebase/install/ros2_firebase_bridge/share/colcon-core/packages/ros2_firebase_bridge)
[8.916s] DEBUG:colcon.colcon_parallel_executor.executor.parallel:closing loop
[8.916s] DEBUG:colcon.colcon_parallel_executor.executor.parallel:loop closed
[8.916s] DEBUG:colcon.colcon_parallel_executor.executor.parallel:run_until_complete finished with '0'
[8.917s] DEBUG:colcon.colcon_core.event_reactor:joining thread
[8.955s] INFO:colcon.colcon_core.plugin_system:Skipping extension 'colcon_notification.desktop_notification.notify_send': Could not find 'notify-send'
[8.955s] INFO:colcon.colcon_core.plugin_system:Skipping extension 'colcon_notification.desktop_notification.terminal_notifier': Not used on non-Darwin systems
[8.956s] INFO:colcon.colcon_core.plugin_system:Skipping extension 'colcon_notification.desktop_notification.win32': Not used on non-Windows systems
[8.956s] INFO:colcon.colcon_notification.desktop_notification:Sending desktop notification using 'notify2'
[8.969s] DEBUG:colcon.colcon_notification.desktop_notification.notify2:Failed to initialize notify2: org.freedesktop.DBus.Error.Spawn.ExecFailed: /usr/bin/dbus-launch terminated abnormally without any error message
[8.971s] DEBUG:colcon.colcon_core.event_reactor:joined thread
[8.976s] INFO:colcon.colcon_core.shell:Creating prefix script '/workspaces/mobility-ros2-firebase/install/local_setup.ps1'
[9.010s] INFO:colcon.colcon_core.shell:Creating prefix util module '/workspaces/mobility-ros2-firebase/install/_local_setup_util_ps1.py'
[9.018s] INFO:colcon.colcon_core.shell:Creating prefix chain script '/workspaces/mobility-ros2-firebase/install/setup.ps1'
[9.026s] INFO:colcon.colcon_core.shell:Creating prefix script '/workspaces/mobility-ros2-firebase/install/local_setup.sh'
[9.032s] INFO:colcon.colcon_core.shell:Creating prefix util module '/workspaces/mobility-ros2-firebase/install/_local_setup_util_sh.py'
[9.036s] INFO:colcon.colcon_core.shell:Creating prefix chain script '/workspaces/mobility-ros2-firebase/install/setup.sh'
[9.043s] INFO:colcon.colcon_core.shell:Creating prefix script '/workspaces/mobility-ros2-firebase/install/local_setup.bash'
[9.047s] INFO:colcon.colcon_core.shell:Creating prefix chain script '/workspaces/mobility-ros2-firebase/install/setup.bash'
[9.055s] INFO:colcon.colcon_core.shell:Creating prefix script '/workspaces/mobility-ros2-firebase/install/local_setup.zsh'
[9.065s] INFO:colcon.colcon_core.shell:Creating prefix chain script '/workspaces/mobility-ros2-firebase/install/setup.zsh'
