[1.905s] Invoking command in '/workspaces/mobility-ros2-firebase/src/ros2_firebase_bridge': PYTHONPATH=/workspaces/mobility-ros2-firebase/build/ros2_firebase_bridge/prefix_override:/usr/lib/python3/dist-packages/colcon_core/task/python/colcon_distutils_commands:/workspaces/mobility-ros2-firebase/install/ros2_firebase_bridge/lib/python3.10/site-packages:${PYTHONPATH} /usr/bin/python3 -W ignore:setup.py install is deprecated -W ignore:easy_install command is deprecated setup.py egg_info --egg-base ../../build/ros2_firebase_bridge build --build-base /workspaces/mobility-ros2-firebase/build/ros2_firebase_bridge/build install --record /workspaces/mobility-ros2-firebase/build/ros2_firebase_bridge/install.log --single-version-externally-managed install_data
[2.353s] running egg_info
[2.355s] writing ../../build/ros2_firebase_bridge/ros2_firebase_bridge.egg-info/PKG-INFO
[2.361s] writing dependency_links to ../../build/ros2_firebase_bridge/ros2_firebase_bridge.egg-info/dependency_links.txt
[2.361s] writing entry points to ../../build/ros2_firebase_bridge/ros2_firebase_bridge.egg-info/entry_points.txt
[2.362s] writing requirements to ../../build/ros2_firebase_bridge/ros2_firebase_bridge.egg-info/requires.txt
[2.362s] writing top-level names to ../../build/ros2_firebase_bridge/ros2_firebase_bridge.egg-info/top_level.txt
[2.365s] reading manifest file '../../build/ros2_firebase_bridge/ros2_firebase_bridge.egg-info/SOURCES.txt'
[2.366s] writing manifest file '../../build/ros2_firebase_bridge/ros2_firebase_bridge.egg-info/SOURCES.txt'
[2.367s] running build
[2.367s] running build_py
[2.367s] copying ros2_firebase_bridge/firebase_bridge_node.py -> /workspaces/mobility-ros2-firebase/build/ros2_firebase_bridge/build/lib/ros2_firebase_bridge
[2.369s] running install
[2.371s] running install_lib
[2.374s] copying /workspaces/mobility-ros2-firebase/build/ros2_firebase_bridge/build/lib/ros2_firebase_bridge/firebase_bridge_node.py -> /workspaces/mobility-ros2-firebase/install/ros2_firebase_bridge/lib/python3.10/site-packages/ros2_firebase_bridge
[2.376s] byte-compiling /workspaces/mobility-ros2-firebase/install/ros2_firebase_bridge/lib/python3.10/site-packages/ros2_firebase_bridge/firebase_bridge_node.py to firebase_bridge_node.cpython-310.pyc
[2.382s] running install_data
[2.382s] running install_egg_info
[2.386s] removing '/workspaces/mobility-ros2-firebase/install/ros2_firebase_bridge/lib/python3.10/site-packages/ros2_firebase_bridge-0.0.1-py3.10.egg-info' (and everything under it)
[2.389s] Copying ../../build/ros2_firebase_bridge/ros2_firebase_bridge.egg-info to /workspaces/mobility-ros2-firebase/install/ros2_firebase_bridge/lib/python3.10/site-packages/ros2_firebase_bridge-0.0.1-py3.10.egg-info
[2.392s] running install_scripts
[2.443s] Installing coordinate_test script to /workspaces/mobility-ros2-firebase/install/ros2_firebase_bridge/bin
[2.444s] Installing firebase_bridge script to /workspaces/mobility-ros2-firebase/install/ros2_firebase_bridge/bin
[2.444s] writing list of installed files to '/workspaces/mobility-ros2-firebase/build/ros2_firebase_bridge/install.log'
[2.496s] Invoked command in '/workspaces/mobility-ros2-firebase/src/ros2_firebase_bridge' returned '0': PYTHONPATH=/workspaces/mobility-ros2-firebase/build/ros2_firebase_bridge/prefix_override:/usr/lib/python3/dist-packages/colcon_core/task/python/colcon_distutils_commands:/workspaces/mobility-ros2-firebase/install/ros2_firebase_bridge/lib/python3.10/site-packages:${PYTHONPATH} /usr/bin/python3 -W ignore:setup.py install is deprecated -W ignore:easy_install command is deprecated setup.py egg_info --egg-base ../../build/ros2_firebase_bridge build --build-base /workspaces/mobility-ros2-firebase/build/ros2_firebase_bridge/build install --record /workspaces/mobility-ros2-firebase/build/ros2_firebase_bridge/install.log --single-version-externally-managed install_data
