[0.052s] Invoking command in '/workspaces/mobility-ros2-firebase/build/ros2_firebase_bridge': CMAKE_PREFIX_PATH=${CMAKE_PREFIX_PATH}:/opt/ros/humble /usr/bin/cmake --build /workspaces/mobility-ros2-firebase/build/ros2_firebase_bridge -- -j18 -l18
[0.198s] Built target ament_cmake_python_copy_ros2_firebase_bridge
[0.478s] running egg_info
[0.479s] writing ros2_firebase_bridge.egg-info/PKG-INFO
[0.480s] writing dependency_links to ros2_firebase_bridge.egg-info/dependency_links.txt
[0.480s] writing top-level names to ros2_firebase_bridge.egg-info/top_level.txt
[0.484s] reading manifest file 'ros2_firebase_bridge.egg-info/SOURCES.txt'
[0.484s] writing manifest file 'ros2_firebase_bridge.egg-info/SOURCES.txt'
[0.522s] Built target ament_cmake_python_build_ros2_firebase_bridge_egg
[0.533s] Invoked command in '/workspaces/mobility-ros2-firebase/build/ros2_firebase_bridge' returned '0': CMAKE_PREFIX_PATH=${CMAKE_PREFIX_PATH}:/opt/ros/humble /usr/bin/cmake --build /workspaces/mobility-ros2-firebase/build/ros2_firebase_bridge -- -j18 -l18
[0.546s] Invoking command in '/workspaces/mobility-ros2-firebase/build/ros2_firebase_bridge': CMAKE_PREFIX_PATH=${CMAKE_PREFIX_PATH}:/opt/ros/humble /usr/bin/cmake --install /workspaces/mobility-ros2-firebase/build/ros2_firebase_bridge
[0.554s] -- Install configuration: ""
[0.554s] -- Up-to-date: /workspaces/mobility-ros2-firebase/install/ros2_firebase_bridge/share/ros2_firebase_bridge/environment/pythonpath.sh
[0.555s] -- Up-to-date: /workspaces/mobility-ros2-firebase/install/ros2_firebase_bridge/share/ros2_firebase_bridge/environment/pythonpath.dsv
[0.555s] -- Up-to-date: /workspaces/mobility-ros2-firebase/install/ros2_firebase_bridge/local/lib/python3.10/dist-packages/ros2_firebase_bridge-0.0.1-py3.10.egg-info
[0.555s] -- Installing: /workspaces/mobility-ros2-firebase/install/ros2_firebase_bridge/local/lib/python3.10/dist-packages/ros2_firebase_bridge-0.0.1-py3.10.egg-info/SOURCES.txt
[0.556s] -- Installing: /workspaces/mobility-ros2-firebase/install/ros2_firebase_bridge/local/lib/python3.10/dist-packages/ros2_firebase_bridge-0.0.1-py3.10.egg-info/top_level.txt
[0.556s] -- Installing: /workspaces/mobility-ros2-firebase/install/ros2_firebase_bridge/local/lib/python3.10/dist-packages/ros2_firebase_bridge-0.0.1-py3.10.egg-info/dependency_links.txt
[0.557s] -- Installing: /workspaces/mobility-ros2-firebase/install/ros2_firebase_bridge/local/lib/python3.10/dist-packages/ros2_firebase_bridge-0.0.1-py3.10.egg-info/PKG-INFO
[0.557s] -- Up-to-date: /workspaces/mobility-ros2-firebase/install/ros2_firebase_bridge/local/lib/python3.10/dist-packages/ros2_firebase_bridge
[0.557s] -- Up-to-date: /workspaces/mobility-ros2-firebase/install/ros2_firebase_bridge/local/lib/python3.10/dist-packages/ros2_firebase_bridge/firebase_bridge_node.py
[0.557s] -- Up-to-date: /workspaces/mobility-ros2-firebase/install/ros2_firebase_bridge/local/lib/python3.10/dist-packages/ros2_firebase_bridge/firebase_client.py
[0.558s] -- Up-to-date: /workspaces/mobility-ros2-firebase/install/ros2_firebase_bridge/local/lib/python3.10/dist-packages/ros2_firebase_bridge/sensor_aggregator.py
[0.558s] -- Up-to-date: /workspaces/mobility-ros2-firebase/install/ros2_firebase_bridge/local/lib/python3.10/dist-packages/ros2_firebase_bridge/coordinate_converter.py
[0.558s] -- Up-to-date: /workspaces/mobility-ros2-firebase/install/ros2_firebase_bridge/local/lib/python3.10/dist-packages/ros2_firebase_bridge/__init__.py
[0.558s] -- Up-to-date: /workspaces/mobility-ros2-firebase/install/ros2_firebase_bridge/local/lib/python3.10/dist-packages/ros2_firebase_bridge/state_publisher.py
[0.601s] Listing '/workspaces/mobility-ros2-firebase/install/ros2_firebase_bridge/local/lib/python3.10/dist-packages/ros2_firebase_bridge'...
[0.606s] -- Up-to-date: /workspaces/mobility-ros2-firebase/install/ros2_firebase_bridge/lib/ros2_firebase_bridge/firebase_bridge
[0.606s] -- Up-to-date: /workspaces/mobility-ros2-firebase/install/ros2_firebase_bridge/share/ament_index/resource_index/package_run_dependencies/ros2_firebase_bridge
[0.606s] -- Up-to-date: /workspaces/mobility-ros2-firebase/install/ros2_firebase_bridge/share/ament_index/resource_index/parent_prefix_path/ros2_firebase_bridge
[0.606s] -- Up-to-date: /workspaces/mobility-ros2-firebase/install/ros2_firebase_bridge/share/ros2_firebase_bridge/environment/ament_prefix_path.sh
[0.606s] -- Up-to-date: /workspaces/mobility-ros2-firebase/install/ros2_firebase_bridge/share/ros2_firebase_bridge/environment/ament_prefix_path.dsv
[0.606s] -- Up-to-date: /workspaces/mobility-ros2-firebase/install/ros2_firebase_bridge/share/ros2_firebase_bridge/environment/path.sh
[0.606s] -- Up-to-date: /workspaces/mobility-ros2-firebase/install/ros2_firebase_bridge/share/ros2_firebase_bridge/environment/path.dsv
[0.606s] -- Up-to-date: /workspaces/mobility-ros2-firebase/install/ros2_firebase_bridge/share/ros2_firebase_bridge/local_setup.bash
[0.607s] -- Up-to-date: /workspaces/mobility-ros2-firebase/install/ros2_firebase_bridge/share/ros2_firebase_bridge/local_setup.sh
[0.607s] -- Up-to-date: /workspaces/mobility-ros2-firebase/install/ros2_firebase_bridge/share/ros2_firebase_bridge/local_setup.zsh
[0.607s] -- Up-to-date: /workspaces/mobility-ros2-firebase/install/ros2_firebase_bridge/share/ros2_firebase_bridge/local_setup.dsv
[0.607s] -- Installing: /workspaces/mobility-ros2-firebase/install/ros2_firebase_bridge/share/ros2_firebase_bridge/package.dsv
[0.607s] -- Up-to-date: /workspaces/mobility-ros2-firebase/install/ros2_firebase_bridge/share/ament_index/resource_index/packages/ros2_firebase_bridge
[0.608s] -- Up-to-date: /workspaces/mobility-ros2-firebase/install/ros2_firebase_bridge/share/ros2_firebase_bridge/cmake/ros2_firebase_bridgeConfig.cmake
[0.608s] -- Up-to-date: /workspaces/mobility-ros2-firebase/install/ros2_firebase_bridge/share/ros2_firebase_bridge/cmake/ros2_firebase_bridgeConfig-version.cmake
[0.608s] -- Up-to-date: /workspaces/mobility-ros2-firebase/install/ros2_firebase_bridge/share/ros2_firebase_bridge/package.xml
[0.610s] Invoked command in '/workspaces/mobility-ros2-firebase/build/ros2_firebase_bridge' returned '0': CMAKE_PREFIX_PATH=${CMAKE_PREFIX_PATH}:/opt/ros/humble /usr/bin/cmake --install /workspaces/mobility-ros2-firebase/build/ros2_firebase_bridge
