[1.714s] DEBUG:colcon:Command line arguments: ['/usr/bin/colcon', 'build', '--packages-select', 'ros2_firebase_bridge', '--cmake-args', '-DCMAKE_BUILD_TYPE=Debug']
[1.714s] DEBUG:colcon:Parsed command line arguments: Namespace(log_base=None, log_level=None, verb_name='build', build_base='build', install_base='install', merge_install=False, symlink_install=False, test_result_base=None, continue_on_error=False, executor='parallel', parallel_workers=18, event_handlers=None, ignore_user_meta=False, metas=['./colcon.meta'], base_paths=['.'], packages_ignore=None, packages_ignore_regex=None, paths=None, packages_up_to=None, packages_up_to_regex=None, packages_above=None, packages_above_and_dependencies=None, packages_above_depth=None, packages_select_by_dep=None, packages_skip_by_dep=None, packages_skip_up_to=None, packages_select_build_failed=False, packages_skip_build_finished=False, packages_select_test_failures=False, packages_skip_test_passed=False, packages_select=['ros2_firebase_bridge'], packages_skip=None, packages_select_regex=None, packages_skip_regex=None, packages_start=None, packages_end=None, cmake_args=['-DCMAKE_BUILD_TYPE=Debug'], cmake_target=None, cmake_target_skip_unavailable=False, cmake_clean_cache=False, cmake_clean_first=False, cmake_force_configure=False, ament_cmake_args=None, catkin_cmake_args=None, catkin_skip_building_tests=False, mixin_files=None, mixin=None, verb_parser=<colcon_mixin.mixin.mixin_argument.MixinArgumentDecorator object at 0x7f75c6705480>, verb_extension=<colcon_core.verb.build.BuildVerb object at 0x7f75c69029e0>, main=<bound method BuildVerb.main of <colcon_core.verb.build.BuildVerb object at 0x7f75c69029e0>>, mixin_verb=('build',))
[3.896s] Level 1:colcon.colcon_core.package_discovery:discover_packages(colcon_meta) check parameters
[3.899s] Level 1:colcon.colcon_core.package_discovery:discover_packages(recursive) check parameters
[3.902s] Level 1:colcon.colcon_core.package_discovery:discover_packages(ignore) check parameters
[3.902s] Level 1:colcon.colcon_core.package_discovery:discover_packages(path) check parameters
[3.902s] Level 1:colcon.colcon_core.package_discovery:discover_packages(colcon_meta) discover
[3.903s] Level 1:colcon.colcon_core.package_discovery:discover_packages(recursive) discover
[3.903s] INFO:colcon.colcon_core.package_discovery:Crawling recursively for packages in '/workspaces/mobility-ros2-firebase'
[3.903s] Level 1:colcon.colcon_core.package_identification:_identify(.) by extensions ['ignore', 'ignore_ament_install']
[3.903s] Level 1:colcon.colcon_core.package_identification:_identify(.) by extension 'ignore'
[3.903s] Level 1:colcon.colcon_core.package_identification:_identify(.) by extension 'ignore_ament_install'
[3.903s] Level 1:colcon.colcon_core.package_identification:_identify(.) by extensions ['colcon_pkg']
[3.904s] Level 1:colcon.colcon_core.package_identification:_identify(.) by extension 'colcon_pkg'
[3.904s] Level 1:colcon.colcon_core.package_identification:_identify(.) by extensions ['colcon_meta']
[3.904s] Level 1:colcon.colcon_core.package_identification:_identify(.) by extension 'colcon_meta'
[3.904s] Level 1:colcon.colcon_core.package_identification:_identify(.) by extensions ['ros']
[3.904s] Level 1:colcon.colcon_core.package_identification:_identify(.) by extension 'ros'
[4.021s] Level 1:colcon.colcon_core.package_identification:_identify(.) by extensions ['cmake', 'python']
[4.021s] Level 1:colcon.colcon_core.package_identification:_identify(.) by extension 'cmake'
[4.021s] Level 1:colcon.colcon_core.package_identification:_identify(.) by extension 'python'
[4.021s] Level 1:colcon.colcon_core.package_identification:_identify(.) by extensions ['python_setup_py']
[4.021s] Level 1:colcon.colcon_core.package_identification:_identify(.) by extension 'python_setup_py'
[4.022s] Level 1:colcon.colcon_core.package_identification:_identify(build) by extensions ['ignore', 'ignore_ament_install']
[4.022s] Level 1:colcon.colcon_core.package_identification:_identify(build) by extension 'ignore'
[4.022s] Level 1:colcon.colcon_core.package_identification:_identify(build) ignored
[4.023s] Level 1:colcon.colcon_core.package_identification:_identify(config) by extensions ['ignore', 'ignore_ament_install']
[4.023s] Level 1:colcon.colcon_core.package_identification:_identify(config) by extension 'ignore'
[4.023s] Level 1:colcon.colcon_core.package_identification:_identify(config) by extension 'ignore_ament_install'
[4.023s] Level 1:colcon.colcon_core.package_identification:_identify(config) by extensions ['colcon_pkg']
[4.023s] Level 1:colcon.colcon_core.package_identification:_identify(config) by extension 'colcon_pkg'
[4.023s] Level 1:colcon.colcon_core.package_identification:_identify(config) by extensions ['colcon_meta']
[4.023s] Level 1:colcon.colcon_core.package_identification:_identify(config) by extension 'colcon_meta'
[4.024s] Level 1:colcon.colcon_core.package_identification:_identify(config) by extensions ['ros']
[4.024s] Level 1:colcon.colcon_core.package_identification:_identify(config) by extension 'ros'
[4.024s] Level 1:colcon.colcon_core.package_identification:_identify(config) by extensions ['cmake', 'python']
[4.024s] Level 1:colcon.colcon_core.package_identification:_identify(config) by extension 'cmake'
[4.024s] Level 1:colcon.colcon_core.package_identification:_identify(config) by extension 'python'
[4.025s] Level 1:colcon.colcon_core.package_identification:_identify(config) by extensions ['python_setup_py']
[4.025s] Level 1:colcon.colcon_core.package_identification:_identify(config) by extension 'python_setup_py'
[4.025s] Level 1:colcon.colcon_core.package_identification:_identify(install) by extensions ['ignore', 'ignore_ament_install']
[4.025s] Level 1:colcon.colcon_core.package_identification:_identify(install) by extension 'ignore'
[4.026s] Level 1:colcon.colcon_core.package_identification:_identify(install) ignored
[4.026s] Level 1:colcon.colcon_core.package_identification:_identify(log) by extensions ['ignore', 'ignore_ament_install']
[4.026s] Level 1:colcon.colcon_core.package_identification:_identify(log) by extension 'ignore'
[4.026s] Level 1:colcon.colcon_core.package_identification:_identify(log) ignored
[4.026s] Level 1:colcon.colcon_core.package_identification:_identify(scripts) by extensions ['ignore', 'ignore_ament_install']
[4.026s] Level 1:colcon.colcon_core.package_identification:_identify(scripts) by extension 'ignore'
[4.027s] Level 1:colcon.colcon_core.package_identification:_identify(scripts) by extension 'ignore_ament_install'
[4.027s] Level 1:colcon.colcon_core.package_identification:_identify(scripts) by extensions ['colcon_pkg']
[4.027s] Level 1:colcon.colcon_core.package_identification:_identify(scripts) by extension 'colcon_pkg'
[4.028s] Level 1:colcon.colcon_core.package_identification:_identify(scripts) by extensions ['colcon_meta']
[4.028s] Level 1:colcon.colcon_core.package_identification:_identify(scripts) by extension 'colcon_meta'
[4.033s] Level 1:colcon.colcon_core.package_identification:_identify(scripts) by extensions ['ros']
[4.034s] Level 1:colcon.colcon_core.package_identification:_identify(scripts) by extension 'ros'
[4.036s] Level 1:colcon.colcon_core.package_identification:_identify(scripts) by extensions ['cmake', 'python']
[4.036s] Level 1:colcon.colcon_core.package_identification:_identify(scripts) by extension 'cmake'
[4.036s] Level 1:colcon.colcon_core.package_identification:_identify(scripts) by extension 'python'
[4.036s] Level 1:colcon.colcon_core.package_identification:_identify(scripts) by extensions ['python_setup_py']
[4.036s] Level 1:colcon.colcon_core.package_identification:_identify(scripts) by extension 'python_setup_py'
[4.037s] Level 1:colcon.colcon_core.package_identification:_identify(src) by extensions ['ignore', 'ignore_ament_install']
[4.037s] Level 1:colcon.colcon_core.package_identification:_identify(src) by extension 'ignore'
[4.038s] Level 1:colcon.colcon_core.package_identification:_identify(src) by extension 'ignore_ament_install'
[4.038s] Level 1:colcon.colcon_core.package_identification:_identify(src) by extensions ['colcon_pkg']
[4.038s] Level 1:colcon.colcon_core.package_identification:_identify(src) by extension 'colcon_pkg'
[4.038s] Level 1:colcon.colcon_core.package_identification:_identify(src) by extensions ['colcon_meta']
[4.038s] Level 1:colcon.colcon_core.package_identification:_identify(src) by extension 'colcon_meta'
[4.038s] Level 1:colcon.colcon_core.package_identification:_identify(src) by extensions ['ros']
[4.038s] Level 1:colcon.colcon_core.package_identification:_identify(src) by extension 'ros'
[4.039s] Level 1:colcon.colcon_core.package_identification:_identify(src) by extensions ['cmake', 'python']
[4.039s] Level 1:colcon.colcon_core.package_identification:_identify(src) by extension 'cmake'
[4.039s] Level 1:colcon.colcon_core.package_identification:_identify(src) by extension 'python'
[4.039s] Level 1:colcon.colcon_core.package_identification:_identify(src) by extensions ['python_setup_py']
[4.039s] Level 1:colcon.colcon_core.package_identification:_identify(src) by extension 'python_setup_py'
[4.052s] Level 1:colcon.colcon_core.package_identification:_identify(src/ros2_firebase_bridge) by extensions ['ignore', 'ignore_ament_install']
[4.052s] Level 1:colcon.colcon_core.package_identification:_identify(src/ros2_firebase_bridge) by extension 'ignore'
[4.053s] Level 1:colcon.colcon_core.package_identification:_identify(src/ros2_firebase_bridge) by extension 'ignore_ament_install'
[4.053s] Level 1:colcon.colcon_core.package_identification:_identify(src/ros2_firebase_bridge) by extensions ['colcon_pkg']
[4.053s] Level 1:colcon.colcon_core.package_identification:_identify(src/ros2_firebase_bridge) by extension 'colcon_pkg'
[4.054s] Level 1:colcon.colcon_core.package_identification:_identify(src/ros2_firebase_bridge) by extensions ['colcon_meta']
[4.054s] Level 1:colcon.colcon_core.package_identification:_identify(src/ros2_firebase_bridge) by extension 'colcon_meta'
[4.054s] Level 1:colcon.colcon_core.package_identification:_identify(src/ros2_firebase_bridge) by extensions ['ros']
[4.054s] Level 1:colcon.colcon_core.package_identification:_identify(src/ros2_firebase_bridge) by extension 'ros'
[4.083s] DEBUG:colcon.colcon_core.package_identification:Package 'src/ros2_firebase_bridge' with type 'ros.ament_python' and name 'ros2_firebase_bridge'
[4.084s] Level 1:colcon.colcon_core.package_discovery:discover_packages(recursive) using defaults
[4.085s] Level 1:colcon.colcon_core.package_discovery:discover_packages(ignore) discover
[4.085s] Level 1:colcon.colcon_core.package_discovery:discover_packages(ignore) using defaults
[4.085s] Level 1:colcon.colcon_core.package_discovery:discover_packages(path) discover
[4.085s] Level 1:colcon.colcon_core.package_discovery:discover_packages(path) using defaults
[4.291s] Level 5:colcon.colcon_core.verb:set package 'ros2_firebase_bridge' build argument 'cmake_args' from command line to '['-DCMAKE_BUILD_TYPE=Debug']'
[4.291s] Level 5:colcon.colcon_core.verb:set package 'ros2_firebase_bridge' build argument 'cmake_target' from command line to 'None'
[4.292s] Level 5:colcon.colcon_core.verb:set package 'ros2_firebase_bridge' build argument 'cmake_target_skip_unavailable' from command line to 'False'
[4.292s] Level 5:colcon.colcon_core.verb:set package 'ros2_firebase_bridge' build argument 'cmake_clean_cache' from command line to 'False'
[4.292s] Level 5:colcon.colcon_core.verb:set package 'ros2_firebase_bridge' build argument 'cmake_clean_first' from command line to 'False'
[4.292s] Level 5:colcon.colcon_core.verb:set package 'ros2_firebase_bridge' build argument 'cmake_force_configure' from command line to 'False'
[4.292s] Level 5:colcon.colcon_core.verb:set package 'ros2_firebase_bridge' build argument 'ament_cmake_args' from command line to 'None'
[4.292s] Level 5:colcon.colcon_core.verb:set package 'ros2_firebase_bridge' build argument 'catkin_cmake_args' from command line to 'None'
[4.292s] Level 5:colcon.colcon_core.verb:set package 'ros2_firebase_bridge' build argument 'catkin_skip_building_tests' from command line to 'False'
[4.293s] DEBUG:colcon.colcon_core.verb:Building package 'ros2_firebase_bridge' with the following arguments: {'ament_cmake_args': None, 'build_base': '/workspaces/mobility-ros2-firebase/build/ros2_firebase_bridge', 'catkin_cmake_args': None, 'catkin_skip_building_tests': False, 'cmake_args': ['-DCMAKE_BUILD_TYPE=Debug'], 'cmake_clean_cache': False, 'cmake_clean_first': False, 'cmake_force_configure': False, 'cmake_target': None, 'cmake_target_skip_unavailable': False, 'install_base': '/workspaces/mobility-ros2-firebase/install/ros2_firebase_bridge', 'merge_install': False, 'path': '/workspaces/mobility-ros2-firebase/src/ros2_firebase_bridge', 'symlink_install': False, 'test_result_base': None}
[4.295s] INFO:colcon.colcon_core.executor:Executing jobs using 'parallel' executor
[4.310s] DEBUG:colcon.colcon_parallel_executor.executor.parallel:run_until_complete
[4.312s] INFO:colcon.colcon_ros.task.ament_python.build:Building ROS package in '/workspaces/mobility-ros2-firebase/src/ros2_firebase_bridge' with build type 'ament_python'
[4.313s] Level 1:colcon.colcon_core.shell:create_environment_hook('ros2_firebase_bridge', 'ament_prefix_path')
[4.381s] INFO:colcon.colcon_core.plugin_system:Skipping extension 'colcon_core.shell.bat': Not used on non-Windows systems
[4.382s] INFO:colcon.colcon_core.shell:Creating environment hook '/workspaces/mobility-ros2-firebase/install/ros2_firebase_bridge/share/ros2_firebase_bridge/hook/ament_prefix_path.ps1'
[4.423s] INFO:colcon.colcon_core.shell:Creating environment descriptor '/workspaces/mobility-ros2-firebase/install/ros2_firebase_bridge/share/ros2_firebase_bridge/hook/ament_prefix_path.dsv'
[4.431s] INFO:colcon.colcon_core.shell:Creating environment hook '/workspaces/mobility-ros2-firebase/install/ros2_firebase_bridge/share/ros2_firebase_bridge/hook/ament_prefix_path.sh'
[4.450s] INFO:colcon.colcon_core.shell:Skip shell extension 'powershell' for command environment: Not usable outside of PowerShell
[4.450s] DEBUG:colcon.colcon_core.shell:Skip shell extension 'dsv' for command environment
[6.615s] INFO:colcon.colcon_core.task.python.build:Building Python package in '/workspaces/mobility-ros2-firebase/src/ros2_firebase_bridge'
[6.616s] INFO:colcon.colcon_core.shell:Skip shell extension 'powershell' for command environment: Not usable outside of PowerShell
[6.616s] DEBUG:colcon.colcon_core.shell:Skip shell extension 'dsv' for command environment
[11.560s] DEBUG:colcon.colcon_core.event_handler.log_command:Invoking command in '/workspaces/mobility-ros2-firebase/src/ros2_firebase_bridge': PYTHONPATH=/workspaces/mobility-ros2-firebase/build/ros2_firebase_bridge/prefix_override:/usr/lib/python3/dist-packages/colcon_core/task/python/colcon_distutils_commands:/workspaces/mobility-ros2-firebase/install/ros2_firebase_bridge/lib/python3.10/site-packages:${PYTHONPATH} /usr/bin/python3 -W ignore:setup.py install is deprecated -W ignore:easy_install command is deprecated setup.py egg_info --egg-base ../../build/ros2_firebase_bridge build --build-base /workspaces/mobility-ros2-firebase/build/ros2_firebase_bridge/build install --record /workspaces/mobility-ros2-firebase/build/ros2_firebase_bridge/install.log --single-version-externally-managed install_data
[13.229s] DEBUG:colcon.colcon_core.event_handler.log_command:Invoked command in '/workspaces/mobility-ros2-firebase/src/ros2_firebase_bridge' returned '0': PYTHONPATH=/workspaces/mobility-ros2-firebase/build/ros2_firebase_bridge/prefix_override:/usr/lib/python3/dist-packages/colcon_core/task/python/colcon_distutils_commands:/workspaces/mobility-ros2-firebase/install/ros2_firebase_bridge/lib/python3.10/site-packages:${PYTHONPATH} /usr/bin/python3 -W ignore:setup.py install is deprecated -W ignore:easy_install command is deprecated setup.py egg_info --egg-base ../../build/ros2_firebase_bridge build --build-base /workspaces/mobility-ros2-firebase/build/ros2_firebase_bridge/build install --record /workspaces/mobility-ros2-firebase/build/ros2_firebase_bridge/install.log --single-version-externally-managed install_data
[13.312s] Level 1:colcon.colcon_core.environment:checking '/workspaces/mobility-ros2-firebase/install/ros2_firebase_bridge' for CMake module files
[13.314s] Level 1:colcon.colcon_core.environment:checking '/workspaces/mobility-ros2-firebase/install/ros2_firebase_bridge' for CMake config files
[13.316s] Level 1:colcon.colcon_core.environment:checking '/workspaces/mobility-ros2-firebase/install/ros2_firebase_bridge/lib'
[13.320s] Level 1:colcon.colcon_core.environment:checking '/workspaces/mobility-ros2-firebase/install/ros2_firebase_bridge/bin'
[13.320s] Level 1:colcon.colcon_core.shell:create_environment_hook('ros2_firebase_bridge', 'path')
[13.321s] INFO:colcon.colcon_core.shell:Creating environment hook '/workspaces/mobility-ros2-firebase/install/ros2_firebase_bridge/share/ros2_firebase_bridge/hook/path.ps1'
[13.325s] INFO:colcon.colcon_core.shell:Creating environment descriptor '/workspaces/mobility-ros2-firebase/install/ros2_firebase_bridge/share/ros2_firebase_bridge/hook/path.dsv'
[13.327s] INFO:colcon.colcon_core.shell:Creating environment hook '/workspaces/mobility-ros2-firebase/install/ros2_firebase_bridge/share/ros2_firebase_bridge/hook/path.sh'
[13.330s] Level 1:colcon.colcon_core.environment:checking '/workspaces/mobility-ros2-firebase/install/ros2_firebase_bridge/lib/pkgconfig/ros2_firebase_bridge.pc'
[13.339s] Level 1:colcon.colcon_core.environment:checking '/workspaces/mobility-ros2-firebase/install/ros2_firebase_bridge/lib/python3.10/site-packages'
[13.340s] Level 1:colcon.colcon_core.shell:create_environment_hook('ros2_firebase_bridge', 'pythonpath')
[13.341s] INFO:colcon.colcon_core.shell:Creating environment hook '/workspaces/mobility-ros2-firebase/install/ros2_firebase_bridge/share/ros2_firebase_bridge/hook/pythonpath.ps1'
[13.349s] INFO:colcon.colcon_core.shell:Creating environment descriptor '/workspaces/mobility-ros2-firebase/install/ros2_firebase_bridge/share/ros2_firebase_bridge/hook/pythonpath.dsv'
[13.351s] INFO:colcon.colcon_core.shell:Creating environment hook '/workspaces/mobility-ros2-firebase/install/ros2_firebase_bridge/share/ros2_firebase_bridge/hook/pythonpath.sh'
[13.353s] Level 1:colcon.colcon_core.environment:checking '/workspaces/mobility-ros2-firebase/install/ros2_firebase_bridge/bin'
[13.353s] Level 1:colcon.colcon_core.shell:create_environment_hook('ros2_firebase_bridge', 'pythonscriptspath')
[13.354s] INFO:colcon.colcon_core.shell:Creating environment hook '/workspaces/mobility-ros2-firebase/install/ros2_firebase_bridge/share/ros2_firebase_bridge/hook/pythonscriptspath.ps1'
[13.355s] INFO:colcon.colcon_core.shell:Creating environment descriptor '/workspaces/mobility-ros2-firebase/install/ros2_firebase_bridge/share/ros2_firebase_bridge/hook/pythonscriptspath.dsv'
[13.357s] INFO:colcon.colcon_core.shell:Creating environment hook '/workspaces/mobility-ros2-firebase/install/ros2_firebase_bridge/share/ros2_firebase_bridge/hook/pythonscriptspath.sh'
[13.359s] Level 1:colcon.colcon_core.environment:create_environment_scripts_only(ros2_firebase_bridge)
[13.360s] INFO:colcon.colcon_core.shell:Creating package script '/workspaces/mobility-ros2-firebase/install/ros2_firebase_bridge/share/ros2_firebase_bridge/package.ps1'
[13.371s] INFO:colcon.colcon_core.shell:Creating package descriptor '/workspaces/mobility-ros2-firebase/install/ros2_firebase_bridge/share/ros2_firebase_bridge/package.dsv'
[13.386s] INFO:colcon.colcon_core.shell:Creating package script '/workspaces/mobility-ros2-firebase/install/ros2_firebase_bridge/share/ros2_firebase_bridge/package.sh'
[13.405s] INFO:colcon.colcon_core.shell:Creating package script '/workspaces/mobility-ros2-firebase/install/ros2_firebase_bridge/share/ros2_firebase_bridge/package.bash'
[13.420s] INFO:colcon.colcon_core.shell:Creating package script '/workspaces/mobility-ros2-firebase/install/ros2_firebase_bridge/share/ros2_firebase_bridge/package.zsh'
[13.431s] Level 1:colcon.colcon_core.environment:create_file_with_runtime_dependencies(/workspaces/mobility-ros2-firebase/install/ros2_firebase_bridge/share/colcon-core/packages/ros2_firebase_bridge)
[13.433s] DEBUG:colcon.colcon_parallel_executor.executor.parallel:closing loop
[13.434s] DEBUG:colcon.colcon_parallel_executor.executor.parallel:loop closed
[13.434s] DEBUG:colcon.colcon_parallel_executor.executor.parallel:run_until_complete finished with '0'
[13.434s] DEBUG:colcon.colcon_core.event_reactor:joining thread
[13.609s] INFO:colcon.colcon_core.plugin_system:Skipping extension 'colcon_notification.desktop_notification.notify_send': Could not find 'notify-send'
[13.610s] INFO:colcon.colcon_core.plugin_system:Skipping extension 'colcon_notification.desktop_notification.terminal_notifier': Not used on non-Darwin systems
[13.610s] INFO:colcon.colcon_core.plugin_system:Skipping extension 'colcon_notification.desktop_notification.win32': Not used on non-Windows systems
[13.610s] INFO:colcon.colcon_notification.desktop_notification:Sending desktop notification using 'notify2'
[13.639s] DEBUG:colcon.colcon_notification.desktop_notification.notify2:Failed to initialize notify2: org.freedesktop.DBus.Error.Spawn.ExecFailed: /usr/bin/dbus-launch terminated abnormally without any error message
[13.642s] DEBUG:colcon.colcon_core.event_reactor:joined thread
[13.644s] INFO:colcon.colcon_core.shell:Creating prefix script '/workspaces/mobility-ros2-firebase/install/local_setup.ps1'
[13.684s] INFO:colcon.colcon_core.shell:Creating prefix util module '/workspaces/mobility-ros2-firebase/install/_local_setup_util_ps1.py'
[13.704s] INFO:colcon.colcon_core.shell:Creating prefix chain script '/workspaces/mobility-ros2-firebase/install/setup.ps1'
[13.730s] INFO:colcon.colcon_core.shell:Creating prefix script '/workspaces/mobility-ros2-firebase/install/local_setup.sh'
[13.746s] INFO:colcon.colcon_core.shell:Creating prefix util module '/workspaces/mobility-ros2-firebase/install/_local_setup_util_sh.py'
[13.751s] INFO:colcon.colcon_core.shell:Creating prefix chain script '/workspaces/mobility-ros2-firebase/install/setup.sh'
[13.757s] INFO:colcon.colcon_core.shell:Creating prefix script '/workspaces/mobility-ros2-firebase/install/local_setup.bash'
[13.770s] INFO:colcon.colcon_core.shell:Creating prefix chain script '/workspaces/mobility-ros2-firebase/install/setup.bash'
[13.777s] INFO:colcon.colcon_core.shell:Creating prefix script '/workspaces/mobility-ros2-firebase/install/local_setup.zsh'
[13.789s] INFO:colcon.colcon_core.shell:Creating prefix chain script '/workspaces/mobility-ros2-firebase/install/setup.zsh'
