[1.053s] Invoking command in '/workspaces/mobility-ros2-firebase/src/ros2_firebase_bridge': PYTHONPATH=/workspaces/mobility-ros2-firebase/build/ros2_firebase_bridge/prefix_override:/usr/lib/python3/dist-packages/colcon_core/task/python/colcon_distutils_commands:/workspaces/mobility-ros2-firebase/install/ros2_firebase_bridge/lib/python3.10/site-packages:${PYTHONPATH} /usr/bin/python3 -W ignore:setup.py install is deprecated -W ignore:easy_install command is deprecated setup.py egg_info --egg-base ../../build/ros2_firebase_bridge build --build-base /workspaces/mobility-ros2-firebase/build/ros2_firebase_bridge/build install --record /workspaces/mobility-ros2-firebase/build/ros2_firebase_bridge/install.log --single-version-externally-managed install_data
[1.428s] running egg_info
[1.429s] writing ../../build/ros2_firebase_bridge/ros2_firebase_bridge.egg-info/PKG-INFO
[1.430s] writing dependency_links to ../../build/ros2_firebase_bridge/ros2_firebase_bridge.egg-info/dependency_links.txt
[1.433s] writing entry points to ../../build/ros2_firebase_bridge/ros2_firebase_bridge.egg-info/entry_points.txt
[1.434s] writing requirements to ../../build/ros2_firebase_bridge/ros2_firebase_bridge.egg-info/requires.txt
[1.435s] writing top-level names to ../../build/ros2_firebase_bridge/ros2_firebase_bridge.egg-info/top_level.txt
[1.437s] reading manifest file '../../build/ros2_firebase_bridge/ros2_firebase_bridge.egg-info/SOURCES.txt'
[1.438s] writing manifest file '../../build/ros2_firebase_bridge/ros2_firebase_bridge.egg-info/SOURCES.txt'
[1.438s] running build
[1.439s] running build_py
[1.439s] copying ros2_firebase_bridge/test_coordinates.py -> /workspaces/mobility-ros2-firebase/build/ros2_firebase_bridge/build/lib/ros2_firebase_bridge
[1.440s] running install
[1.440s] running install_lib
[1.441s] copying /workspaces/mobility-ros2-firebase/build/ros2_firebase_bridge/build/lib/ros2_firebase_bridge/test_coordinates.py -> /workspaces/mobility-ros2-firebase/install/ros2_firebase_bridge/lib/python3.10/site-packages/ros2_firebase_bridge
[1.443s] byte-compiling /workspaces/mobility-ros2-firebase/install/ros2_firebase_bridge/lib/python3.10/site-packages/ros2_firebase_bridge/test_coordinates.py to test_coordinates.cpython-310.pyc
[1.444s] running install_data
[1.444s] running install_egg_info
[1.446s] removing '/workspaces/mobility-ros2-firebase/install/ros2_firebase_bridge/lib/python3.10/site-packages/ros2_firebase_bridge-0.0.1-py3.10.egg-info' (and everything under it)
[1.447s] Copying ../../build/ros2_firebase_bridge/ros2_firebase_bridge.egg-info to /workspaces/mobility-ros2-firebase/install/ros2_firebase_bridge/lib/python3.10/site-packages/ros2_firebase_bridge-0.0.1-py3.10.egg-info
[1.449s] running install_scripts
[1.480s] Installing coordinate_test script to /workspaces/mobility-ros2-firebase/install/ros2_firebase_bridge/bin
[1.481s] Installing firebase_bridge script to /workspaces/mobility-ros2-firebase/install/ros2_firebase_bridge/bin
[1.482s] writing list of installed files to '/workspaces/mobility-ros2-firebase/build/ros2_firebase_bridge/install.log'
[1.527s] Invoked command in '/workspaces/mobility-ros2-firebase/src/ros2_firebase_bridge' returned '0': PYTHONPATH=/workspaces/mobility-ros2-firebase/build/ros2_firebase_bridge/prefix_override:/usr/lib/python3/dist-packages/colcon_core/task/python/colcon_distutils_commands:/workspaces/mobility-ros2-firebase/install/ros2_firebase_bridge/lib/python3.10/site-packages:${PYTHONPATH} /usr/bin/python3 -W ignore:setup.py install is deprecated -W ignore:easy_install command is deprecated setup.py egg_info --egg-base ../../build/ros2_firebase_bridge build --build-base /workspaces/mobility-ros2-firebase/build/ros2_firebase_bridge/build install --record /workspaces/mobility-ros2-firebase/build/ros2_firebase_bridge/install.log --single-version-externally-managed install_data
